This is pdfTeX, Version 3.14159265-2.6-1.40.18 (TeX Live 2017) (preloaded format=pdflatex 2017.5.23)  17 AUG 2017 12:37
entering extended mode
 restricted \write18 enabled.
 %&-line parsing enabled.
**TransenvironmentalProgramming.tex
(./TransenvironmentalProgramming.tex
LaTeX2e <2017-04-15>
Babel <3.10> and hyphenation patterns for 84 language(s) loaded.
(/usr/local/texlive/2017/texmf-dist/tex/latex/base/article.cls
Document Class: article 2014/09/29 v1.4h Standard LaTeX document class
(/usr/local/texlive/2017/texmf-dist/tex/latex/base/size10.clo
File: size10.clo 2014/09/29 v1.4h Standard LaTeX file (size option)
)
\c@part=\count79
\c@section=\count80
\c@subsection=\count81
\c@subsubsection=\count82
\c@paragraph=\count83
\c@subparagraph=\count84
\c@figure=\count85
\c@table=\count86
\abovecaptionskip=\skip41
\belowcaptionskip=\skip42
\bibindent=\dimen102
)
(/usr/local/texlive/2017/texmf-dist/tex/generic/babel/babel.sty
Package: babel 2017/05/19 3.10 The Babel package

(/usr/local/texlive/2017/texmf-dist/tex/generic/babel-english/american.ldf
Language: american 2017/01/24 v3.3q English support from the babel system

(/usr/local/texlive/2017/texmf-dist/tex/generic/babel-english/english.ldf
Language: english 2017/01/24 v3.3q English support from the babel system

(/usr/local/texlive/2017/texmf-dist/tex/generic/babel/babel.def
File: babel.def 2017/05/19 3.10 Babel common definitions
\babel@savecnt=\count87
\U@D=\dimen103
)
\l@canadian = a dialect from \language\l@american 
\l@australian = a dialect from \language\l@british 
\l@newzealand = a dialect from \language\l@british 
))
(/usr/local/texlive/2017/texmf-dist/tex/generic/babel-english/american.ldf
Language: american 2017/01/24 v3.3q English support from the babel system

(/usr/local/texlive/2017/texmf-dist/tex/generic/babel-english/english.ldf
Language: english 2017/01/24 v3.3q English support from the babel system
)))
(/usr/local/texlive/2017/texmf-dist/tex/latex/biblatex/biblatex.sty
Package: biblatex 2016/12/05 v3.7 programmable bibliographies (PK/JW/AB)

(/usr/local/texlive/2017/texmf-dist/tex/generic/oberdiek/pdftexcmds.sty
Package: pdftexcmds 2017/03/19 v0.25 Utility functions of pdfTeX for LuaTeX (HO
)

(/usr/local/texlive/2017/texmf-dist/tex/generic/oberdiek/infwarerr.sty
Package: infwarerr 2016/05/16 v1.4 Providing info/warning/error messages (HO)
)
(/usr/local/texlive/2017/texmf-dist/tex/generic/oberdiek/ifluatex.sty
Package: ifluatex 2016/05/16 v1.4 Provides the ifluatex switch (HO)
Package ifluatex Info: LuaTeX not detected.
)
(/usr/local/texlive/2017/texmf-dist/tex/generic/oberdiek/ltxcmds.sty
Package: ltxcmds 2016/05/16 v1.23 LaTeX kernel commands for general use (HO)
)
(/usr/local/texlive/2017/texmf-dist/tex/generic/oberdiek/ifpdf.sty
Package: ifpdf 2017/03/15 v3.2 Provides the ifpdf switch
)
Package pdftexcmds Info: LuaTeX not detected.
Package pdftexcmds Info: \pdf@primitive is available.
Package pdftexcmds Info: \pdf@ifprimitive is available.
Package pdftexcmds Info: \pdfdraftmode found.
)
(/usr/local/texlive/2017/texmf-dist/tex/latex/etoolbox/etoolbox.sty
Package: etoolbox 2017/01/02 v2.4 e-TeX tools for LaTeX (JAW)
\etb@tempcnta=\count88
)
(/usr/local/texlive/2017/texmf-dist/tex/latex/graphics/keyval.sty
Package: keyval 2014/10/28 v1.15 key=value parser (DPC)
\KV@toks@=\toks14
)
(/usr/local/texlive/2017/texmf-dist/tex/latex/oberdiek/kvoptions.sty
Package: kvoptions 2016/05/16 v3.12 Key value format for package options (HO)

(/usr/local/texlive/2017/texmf-dist/tex/generic/oberdiek/kvsetkeys.sty
Package: kvsetkeys 2016/05/16 v1.17 Key value parser (HO)

(/usr/local/texlive/2017/texmf-dist/tex/generic/oberdiek/etexcmds.sty
Package: etexcmds 2016/05/16 v1.6 Avoid name clashes with e-TeX commands (HO)
Package etexcmds Info: Could not find \expanded.
(etexcmds)             That can mean that you are not using pdfTeX 1.50 or
(etexcmds)             that some package has redefined \expanded.
(etexcmds)             In the latter case, load this package earlier.
)))
(/usr/local/texlive/2017/texmf-dist/tex/latex/logreq/logreq.sty
Package: logreq 2010/08/04 v1.0 xml request logger
\lrq@indent=\count89

(/usr/local/texlive/2017/texmf-dist/tex/latex/logreq/logreq.def
File: logreq.def 2010/08/04 v1.0 logreq spec v1.0
))
(/usr/local/texlive/2017/texmf-dist/tex/latex/base/ifthen.sty
Package: ifthen 2014/09/29 v1.1c Standard LaTeX ifthen package (DPC)
)
(/usr/local/texlive/2017/texmf-dist/tex/latex/url/url.sty
\Urlmuskip=\muskip10
Package: url 2013/09/16  ver 3.4  Verb mode for urls, etc.
)
(/usr/local/texlive/2017/texmf-dist/tex/generic/xstring/xstring.sty
(/usr/local/texlive/2017/texmf-dist/tex/generic/xstring/xstring.tex
\@xs@message=\write3
\integerpart=\count90
\decimalpart=\count91
)
Package: xstring 2013/10/13  v1.7c  String manipulations (C Tellechea)
)
\c@tabx@nest=\count92
\c@listtotal=\count93
\c@listcount=\count94
\c@liststart=\count95
\c@liststop=\count96
\c@citecount=\count97
\c@citetotal=\count98
\c@multicitecount=\count99
\c@multicitetotal=\count100
\c@instcount=\count101
\c@maxnames=\count102
\c@minnames=\count103
\c@maxitems=\count104
\c@minitems=\count105
\c@citecounter=\count106
\c@savedcitecounter=\count107
\c@uniquelist=\count108
\c@uniquename=\count109
\c@refsection=\count110
\c@refsegment=\count111
\c@maxextratitle=\count112
\c@maxextratitleyear=\count113
\c@maxextrayear=\count114
\c@maxextraalpha=\count115
\c@abbrvpenalty=\count116
\c@highnamepenalty=\count117
\c@lownamepenalty=\count118
\c@maxparens=\count119
\c@parenlevel=\count120
\blx@tempcnta=\count121
\blx@tempcntb=\count122
\blx@tempcntc=\count123
\blx@maxsection=\count124
\blx@maxsegment@0=\count125
\blx@notetype=\count126
\blx@parenlevel@text=\count127
\blx@parenlevel@foot=\count128
\blx@sectionciteorder@0=\count129
\labelnumberwidth=\skip43
\labelalphawidth=\skip44
\biblabelsep=\skip45
\bibitemsep=\skip46
\bibnamesep=\skip47
\bibinitsep=\skip48
\bibparsep=\skip49
\bibhang=\skip50
\blx@bcfin=\read1
\blx@bcfout=\write4
\c@mincomprange=\count130
\c@maxcomprange=\count131
\c@mincompwidth=\count132
Package biblatex Info: Trying to load biblatex default data model...
Package biblatex Info: ... file 'blx-dm.def' found.

(/usr/local/texlive/2017/texmf-dist/tex/latex/biblatex/blx-dm.def)
Package biblatex Info: Trying to load biblatex style data model...
Package biblatex Info: ... file 'apa.dbx' found.

(/usr/local/texlive/2017/texmf-dist/tex/latex/biblatex-apa/apa.dbx
File: apa.dbx 2017/01/06 v7.4 APA biblatex style data model
)
Package biblatex Info: Trying to load biblatex custom data model...
Package biblatex Info: ... file 'biblatex-dm.cfg' not found.
\c@afterword=\count133
\c@savedafterword=\count134
\c@annotator=\count135
\c@savedannotator=\count136
\c@author=\count137
\c@savedauthor=\count138
\c@bookauthor=\count139
\c@savedbookauthor=\count140
\c@commentator=\count141
\c@savedcommentator=\count142
\c@editor=\count143
\c@savededitor=\count144
\c@editora=\count145
\c@savededitora=\count146
\c@editorb=\count147
\c@savededitorb=\count148
\c@editorc=\count149
\c@savededitorc=\count150
\c@foreword=\count151
\c@savedforeword=\count152
\c@holder=\count153
\c@savedholder=\count154
\c@introduction=\count155
\c@savedintroduction=\count156
\c@namea=\count157
\c@savednamea=\count158
\c@nameb=\count159
\c@savednameb=\count160
\c@namec=\count161
\c@savednamec=\count162
\c@translator=\count163
\c@savedtranslator=\count164
\c@shortauthor=\count165
\c@savedshortauthor=\count166
\c@shorteditor=\count167
\c@savedshorteditor=\count168
\c@with=\count169
\c@savedwith=\count170
\c@writer=\count171
\c@savedwriter=\count172
\c@producer=\count173
\c@savedproducer=\count174
\c@execproducer=\count175
\c@savedexecproducer=\count176
\c@director=\count177
\c@saveddirector=\count178
\c@labelname=\count179
\c@savedlabelname=\count180
\c@institution=\count181
\c@savedinstitution=\count182
\c@lista=\count183
\c@savedlista=\count184
\c@listb=\count185
\c@savedlistb=\count186
\c@listc=\count187
\c@savedlistc=\count188
\c@listd=\count189
\c@savedlistd=\count190
\c@liste=\count191
\c@savedliste=\count192
\c@listf=\count193
\c@savedlistf=\count194
\c@location=\count195
\c@savedlocation=\count196
\c@organization=\count197
\c@savedorganization=\count198
\c@origlocation=\count199
\c@savedoriglocation=\count266
\c@origpublisher=\count267
\c@savedorigpublisher=\count268
\c@publisher=\count269
\c@savedpublisher=\count270
\c@language=\count271
\c@savedlanguage=\count272
\c@pageref=\count273
\c@savedpageref=\count274
\shorthandwidth=\skip51
\shortjournalwidth=\skip52
\shortserieswidth=\skip53
\shorttitlewidth=\skip54
\shortauthorwidth=\skip55
\shorteditorwidth=\skip56
Package biblatex Info: Trying to load compatibility code...
Package biblatex Info: ... file 'blx-compat.def' found.

(/usr/local/texlive/2017/texmf-dist/tex/latex/biblatex/blx-compat.def
File: blx-compat.def 2016/12/05 v3.7 biblatex compatibility (PK/JW/AB)
)
Package biblatex Info: Trying to load generic definitions...
Package biblatex Info: ... file 'biblatex.def' found.

(/usr/local/texlive/2017/texmf-dist/tex/latex/biblatex/biblatex.def
File: biblatex.def 2016/12/05 v3.7 biblatex compatibility (PK/JW/AB)
\c@textcitecount=\count275
\c@textcitetotal=\count276
\c@textcitemaxnames=\count277
\c@biburlnumpenalty=\count278
\c@biburlucpenalty=\count279
\c@biburllcpenalty=\count280
\c@smartand=\count281
)
Package biblatex Info: Trying to load bibliography style 'apa'...
Package biblatex Info: ... file 'apa.bbx' found.

(/usr/local/texlive/2017/texmf-dist/tex/latex/biblatex-apa/apa.bbx
File: apa.bbx 2017/01/06 v7.4 APA biblatex references style
Package biblatex Info: Trying to load bibliography style 'standard'...
Package biblatex Info: ... file 'standard.bbx' found.

(/usr/local/texlive/2017/texmf-dist/tex/latex/biblatex/bbx/standard.bbx
File: standard.bbx 2016/12/05 v3.7 biblatex bibliography style (PK/JW/AB)
\c@bbx:relatedcount=\count282
\c@bbx:relatedtotal=\count283
))
Package biblatex Info: Trying to load citation style 'apa'...
Package biblatex Info: ... file 'apa.cbx' found.

(/usr/local/texlive/2017/texmf-dist/tex/latex/biblatex-apa/apa.cbx
File: apa.cbx 2017/01/06 v7.4 APA biblatex citation style
Package biblatex Info: Redefining '\parencite'.
Package biblatex Info: Redefining '\fullcite'.
Package biblatex Info: Redefining '\citeyear'.
Package biblatex Info: Redefining '\cite'.
Package biblatex Info: Redefining '\footcite'.
Package biblatex Info: Redefining '\textcites'.
Package biblatex Info: Redefining '\textcite'.
Package biblatex Info: Redefining '\citeauthor'.
)
Package biblatex Info: Trying to load configuration file...
Package biblatex Info: ... file 'biblatex.cfg' found.

(/usr/local/texlive/2017/texmf-dist/tex/latex/biblatex/biblatex.cfg
File: biblatex.cfg 
))
(/usr/local/texlive/2017/texmf-dist/tex/latex/capt-of/capt-of.sty
Package: capt-of 2009/12/29 v0.2 standard captions outside of floats
)
(/usr/local/texlive/2017/texmf-dist/tex/latex/tools/longtable.sty
Package: longtable 2014/10/28 v4.11 Multi-page Table package (DPC)
\LTleft=\skip57
\LTright=\skip58
\LTpre=\skip59
\LTpost=\skip60
\LTchunksize=\count284
\LTcapwidth=\dimen104
\LT@head=\box26
\LT@firsthead=\box27
\LT@foot=\box28
\LT@lastfoot=\box29
\LT@cols=\count285
\LT@rows=\count286
\c@LT@tables=\count287
\c@LT@chunks=\count288
\LT@p@ftn=\toks15
)
(/usr/local/texlive/2017/texmf-dist/tex/latex/setspace/setspace.sty
Package: setspace 2011/12/19 v6.7a set line spacing
)
(/usr/local/texlive/2017/texmf-dist/tex/latex/fancyhdr/fancyhdr.sty
Package: fancyhdr 2016/09/06 3.8 Extensive control of page headers and footers
\fancy@headwidth=\skip61
\f@ncyO@elh=\skip62
\f@ncyO@erh=\skip63
\f@ncyO@olh=\skip64
\f@ncyO@orh=\skip65
\f@ncyO@elf=\skip66
\f@ncyO@erf=\skip67
\f@ncyO@olf=\skip68
\f@ncyO@orf=\skip69
)
(/usr/local/texlive/2017/texmf-dist/tex/latex/booktabs/booktabs.sty
Package: booktabs 2016/04/27 v1.618033 publication quality tables
\heavyrulewidth=\dimen105
\lightrulewidth=\dimen106
\cmidrulewidth=\dimen107
\belowrulesep=\dimen108
\belowbottomsep=\dimen109
\aboverulesep=\dimen110
\abovetopsep=\dimen111
\cmidrulesep=\dimen112
\cmidrulekern=\dimen113
\defaultaddspace=\dimen114
\@cmidla=\count289
\@cmidlb=\count290
\@aboverulesep=\dimen115
\@belowrulesep=\dimen116
\@thisruleclass=\count291
\@lastruleclass=\count292
\@thisrulewidth=\dimen117
)
(/usr/local/texlive/2017/texmf-dist/tex/latex/float/float.sty
Package: float 2001/11/08 v1.3d Float enhancements (AL)
\c@float@type=\count293
\float@exts=\toks16
\float@box=\box30
\@float@everytoks=\toks17
\@floatcapt=\box31
)
(/usr/local/texlive/2017/texmf-dist/tex/latex/tools/afterpage.sty
Package: afterpage 2014/10/28 v1.08 After-Page Package (DPC)
\AP@output=\toks18
\AP@partial=\box32
\AP@footins=\box33
)
(/usr/local/texlive/2017/texmf-dist/tex/latex/caption/caption.sty
Package: caption 2016/02/21 v3.3-144 Customizing captions (AR)

(/usr/local/texlive/2017/texmf-dist/tex/latex/caption/caption3.sty
Package: caption3 2016/05/22 v1.7-166 caption3 kernel (AR)
Package caption3 Info: TeX engine: e-TeX on input line 67.
\captionmargin=\dimen118
\captionmargin@=\dimen119
\captionwidth=\dimen120
\caption@tempdima=\dimen121
\caption@indent=\dimen122
\caption@parindent=\dimen123
\caption@hangindent=\dimen124
)
\c@ContinuedFloat=\count294
Package caption Info: float package is loaded.
Package caption Info: longtable package is loaded.

(/usr/local/texlive/2017/texmf-dist/tex/latex/caption/ltcaption.sty
Package: ltcaption 2013/06/09 v1.4-94 longtable captions (AR)
))
(/usr/local/texlive/2017/texmf-dist/tex/latex/blindtext/blindtext.sty
Package: blindtext 2012/01/06 V2.0 blindtext-Package

(/usr/local/texlive/2017/texmf-dist/tex/latex/tools/xspace.sty
Package: xspace 2014/10/28 v1.13 Space after command names (DPC,MH)
)
\c@blindtext=\count295
\c@Blindtext=\count296
\c@blind@countparstart=\count297
\blind@countxx=\count298
\blindtext@numBlindtext=\count299
\blind@countyy=\count300
\c@blindlist=\count301
\c@blindlistlevel=\count302
\c@blindlist@level=\count303
\blind@listitem=\count304
\c@blind@listcount=\count305
\c@blind@levelcount=\count306
\blind@mathformula=\count307
\blind@Mathformula=\count308
\c@blind@randomcount=\count309
\c@blind@randommax=\count310
\c@blind@pangramcount=\count311
\c@blind@pangrammax=\count312
)
(/usr/local/texlive/2017/texmf-dist/tex/latex/tools/tabularx.sty
Package: tabularx 2016/02/03 v2.11 `tabularx' package (DPC)

(/usr/local/texlive/2017/texmf-dist/tex/latex/tools/array.sty
Package: array 2016/10/06 v2.4d Tabular extension package (FMi)
\col@sep=\dimen125
\extrarowheight=\dimen126
\NC@list=\toks19
\extratabsurround=\skip70
\backup@length=\skip71
)
\TX@col@width=\dimen127
\TX@old@table=\dimen128
\TX@old@col=\dimen129
\TX@target=\dimen130
\TX@delta=\dimen131
\TX@cols=\count313
\TX@ftn=\toks20
)
(/usr/local/texlive/2017/texmf-dist/tex/latex/graphics/graphicx.sty
Package: graphicx 2014/10/28 v1.0g Enhanced LaTeX Graphics (DPC,SPQR)

(/usr/local/texlive/2017/texmf-dist/tex/latex/graphics/graphics.sty
Package: graphics 2017/04/14 v1.1b Standard LaTeX Graphics (DPC,SPQR)

(/usr/local/texlive/2017/texmf-dist/tex/latex/graphics/trig.sty
Package: trig 2016/01/03 v1.10 sin cos tan (DPC)
)
(/usr/local/texlive/2017/texmf-dist/tex/latex/graphics-cfg/graphics.cfg
File: graphics.cfg 2016/06/04 v1.11 sample graphics configuration
)
Package graphics Info: Driver file: pdftex.def on input line 99.

(/usr/local/texlive/2017/texmf-dist/tex/latex/graphics-def/pdftex.def
File: pdftex.def 2017/01/12 v0.06k Graphics/color for pdfTeX
\Gread@gobject=\count314
))
\Gin@req@height=\dimen132
\Gin@req@width=\dimen133
)
(/usr/local/texlive/2017/texmf-dist/tex/latex/appendix/appendix.sty
Package: appendix 2009/09/02 v1.2b extra appendix facilities
\c@@pps=\count315
\c@@ppsavesec=\count316
\c@@ppsaveapp=\count317
)
(/usr/local/texlive/2017/texmf-dist/tex/latex/pdfpages/pdfpages.sty
Package: pdfpages 2017/01/14 v0.5h Insert pages of external PDF documents (AM)

(/usr/local/texlive/2017/texmf-dist/tex/latex/tools/calc.sty
Package: calc 2014/10/28 v4.3 Infix arithmetic (KKT,FJ)
\calc@Acount=\count318
\calc@Bcount=\count319
\calc@Adimen=\dimen134
\calc@Bdimen=\dimen135
\calc@Askip=\skip72
\calc@Bskip=\skip73
LaTeX Info: Redefining \setlength on input line 80.
LaTeX Info: Redefining \addtolength on input line 81.
\calc@Ccount=\count320
\calc@Cskip=\skip74
)
(/usr/local/texlive/2017/texmf-dist/tex/latex/eso-pic/eso-pic.sty
Package: eso-pic 2015/07/21 v2.0g eso-pic (RN)

(/usr/local/texlive/2017/texmf-dist/tex/generic/oberdiek/atbegshi.sty
Package: atbegshi 2016/06/09 v1.18 At begin shipout hook (HO)
)
(/usr/local/texlive/2017/texmf-dist/tex/latex/xcolor/xcolor.sty
Package: xcolor 2016/05/11 v2.12 LaTeX color extensions (UK)

(/usr/local/texlive/2017/texmf-dist/tex/latex/graphics-cfg/color.cfg
File: color.cfg 2016/01/02 v1.6 sample color configuration
)
Package xcolor Info: Driver file: pdftex.def on input line 225.
Package xcolor Info: Model `cmy' substituted by `cmy0' on input line 1348.
Package xcolor Info: Model `hsb' substituted by `rgb' on input line 1352.
Package xcolor Info: Model `RGB' extended on input line 1364.
Package xcolor Info: Model `HTML' substituted by `rgb' on input line 1366.
Package xcolor Info: Model `Hsb' substituted by `hsb' on input line 1367.
Package xcolor Info: Model `tHsb' substituted by `hsb' on input line 1368.
Package xcolor Info: Model `HSB' substituted by `hsb' on input line 1369.
Package xcolor Info: Model `Gray' substituted by `gray' on input line 1370.
Package xcolor Info: Model `wave' substituted by `hsb' on input line 1371.
))
\AM@pagewidth=\dimen136
\AM@pageheight=\dimen137

(/usr/local/texlive/2017/texmf-dist/tex/latex/pdfpages/pppdftex.def
File: pppdftex.def 2017/01/14 v0.5h Pdfpages driver for pdfTeX (AM)
)
\AM@pagebox=\box34
\AM@global@opts=\toks21
\AM@toc@title=\toks22
\c@AM@survey=\count321
\AM@templatesizebox=\box35
)
(/usr/local/texlive/2017/texmf-dist/tex/latex/csquotes/csquotes.sty
Package: csquotes 2017/03/11 v5.2b context-sensitive quotations (JAW)
\csq@reset=\count322
\csq@gtype=\count323
\csq@glevel=\count324
\csq@qlevel=\count325
\csq@maxlvl=\count326
\csq@tshold=\count327
\csq@ltx@everypar=\toks23

(/usr/local/texlive/2017/texmf-dist/tex/latex/csquotes/csquotes.def
File: csquotes.def 2017/03/11 v5.2b csquotes generic definitions (JAW)
)
Package csquotes Info: Trying to load configuration file 'csquotes.cfg'...
Package csquotes Info: ... configuration file loaded successfully.

(/usr/local/texlive/2017/texmf-dist/tex/latex/csquotes/csquotes.cfg
File: csquotes.cfg 
))
(/usr/local/texlive/2017/texmf-dist/tex/latex/geometry/geometry.sty
Package: geometry 2010/09/12 v5.6 Page Geometry

(/usr/local/texlive/2017/texmf-dist/tex/generic/oberdiek/ifvtex.sty
Package: ifvtex 2016/05/16 v1.6 Detect VTeX and its facilities (HO)
Package ifvtex Info: VTeX not detected.
)
(/usr/local/texlive/2017/texmf-dist/tex/generic/ifxetex/ifxetex.sty
Package: ifxetex 2010/09/12 v0.6 Provides ifxetex conditional
)
\Gm@cnth=\count328
\Gm@cntv=\count329
\c@Gm@tempcnt=\count330
\Gm@bindingoffset=\dimen138
\Gm@wd@mp=\dimen139
\Gm@odd@mp=\dimen140
\Gm@even@mp=\dimen141
\Gm@layoutwidth=\dimen142
\Gm@layoutheight=\dimen143
\Gm@layouthoffset=\dimen144
\Gm@layoutvoffset=\dimen145
\Gm@dimlist=\toks24
)
(/usr/local/texlive/2017/texmf-dist/tex/latex/psnfss/bookman.sty
Package: bookman 2005/04/12 PSNFSS-v9.2a (SPQR) 
)
(/usr/local/texlive/2017/texmf-dist/tex/latex/endnotes/endnotes.sty
\c@endnote=\count331
\endnotesep=\dimen146
\@enotes=\write5
)
(/usr/local/texlive/2017/texmf-dist/tex/latex/graphics/lscape.sty
Package: lscape 2000/10/22 v3.01 Landscape Pages (DPC)
)
(/usr/local/texlive/2017/texmf-dist/tex/latex/preprint/authblk.sty
Package: authblk 2001/02/27 1.3 (PWD)
\affilsep=\skip75
\@affilsep=\skip76
\c@Maxaffil=\count332
\c@authors=\count333
\c@affil=\count334
)
Package biblatex Info: Trying to load language 'american' -> 'american-apa'...
Package biblatex Info: ... file 'american-apa.lbx' found.

(/usr/local/texlive/2017/texmf-dist/tex/latex/biblatex-apa/american-apa.lbx
File: american-apa.lbx 2017/01/06 v7.4 APA biblatex localisation
Package biblatex Info: Trying to load language 'american'...
Package biblatex Info: ... file 'american.lbx' found.

(/usr/local/texlive/2017/texmf-dist/tex/latex/biblatex/lbx/american.lbx
File: american.lbx 2016/12/05 v3.7 biblatex localization (PK/JW/AB)
Package biblatex Info: Trying to load language 'english'...
Package biblatex Info: ... file 'english.lbx' found.

(/usr/local/texlive/2017/texmf-dist/tex/latex/biblatex/lbx/english.lbx
File: english.lbx 2016/12/05 v3.7 biblatex localization (PK/JW/AB)
)))
Package csquotes Info: Checking for multilingual support...
Package csquotes Info: ... found 'babel' package.
Package csquotes Info: Adjusting default style.
Package csquotes Info: Redefining alias 'default' -> 'american'.

(./TransenvironmentalProgramming.aux)
\openout1 = `TransenvironmentalProgramming.aux'.

LaTeX Font Info:    Checking defaults for OML/cmm/m/it on input line 55.
LaTeX Font Info:    ... okay on input line 55.
LaTeX Font Info:    Checking defaults for T1/cmr/m/n on input line 55.
LaTeX Font Info:    ... okay on input line 55.
LaTeX Font Info:    Checking defaults for OT1/cmr/m/n on input line 55.
LaTeX Font Info:    ... okay on input line 55.
LaTeX Font Info:    Checking defaults for OMS/cmsy/m/n on input line 55.
LaTeX Font Info:    ... okay on input line 55.
LaTeX Font Info:    Checking defaults for OMX/cmex/m/n on input line 55.
LaTeX Font Info:    ... okay on input line 55.
LaTeX Font Info:    Checking defaults for U/cmr/m/n on input line 55.
LaTeX Font Info:    ... okay on input line 55.
LaTeX Font Info:    Try loading font information for OT1+pbk on input line 55.

(/usr/local/texlive/2017/texmf-dist/tex/latex/psnfss/ot1pbk.fd
File: ot1pbk.fd 2001/06/04 font definitions for OT1/pbk.
)
LaTeX Font Info:    Font shape `OT1/pbk/m/n' in size <10> not available
(Font)              Font shape `OT1/pbk/l/n' tried instead on input line 55.
Package biblatex Info: No input encoding detected.
(biblatex)             Assuming 'ascii'.
Package biblatex Info: Automatic encoding selection.
(biblatex)             Assuming data encoding 'ascii'.
\openout4 = `TransenvironmentalProgramming.bcf'.

Package biblatex Info: Trying to load bibliographic data...
Package biblatex Info: ... file 'TransenvironmentalProgramming.bbl' found.

(./TransenvironmentalProgramming.bbl)
Package biblatex Info: Reference section=0 on input line 55.
Package biblatex Info: Reference segment=0 on input line 55.
Package caption Info: Begin \AtBeginDocument code.
Package caption Info: End \AtBeginDocument code.

(/usr/local/texlive/2017/texmf-dist/tex/context/base/mkii/supp-pdf.mkii
[Loading MPS to PDF converter (version 2006.09.02).]
\scratchcounter=\count335
\scratchdimen=\dimen147
\scratchbox=\box36
\nofMPsegments=\count336
\nofMParguments=\count337
\everyMPshowfont=\toks25
\MPscratchCnt=\count338
\MPscratchDim=\dimen148
\MPnumerator=\count339
\makeMPintoPDFobject=\count340
\everyMPtoPDFconversion=\toks26
) (/usr/local/texlive/2017/texmf-dist/tex/latex/oberdiek/epstopdf-base.sty
Package: epstopdf-base 2016/05/15 v2.6 Base part for package epstopdf

(/usr/local/texlive/2017/texmf-dist/tex/latex/oberdiek/grfext.sty
Package: grfext 2016/05/16 v1.2 Manage graphics extensions (HO)

(/usr/local/texlive/2017/texmf-dist/tex/generic/oberdiek/kvdefinekeys.sty
Package: kvdefinekeys 2016/05/16 v1.4 Define keys (HO)
))
Package epstopdf-base Info: Redefining graphics rule for `.eps' on input line 4
38.
Package grfext Info: Graphics extension search list:
(grfext)             [.png,.pdf,.jpg,.mps,.jpeg,.jbig2,.jb2,.PNG,.PDF,.JPG,.JPE
G,.JBIG2,.JB2,.eps]
(grfext)             \AppendGraphicsExtensions on input line 456.

(/usr/local/texlive/2017/texmf-dist/tex/latex/latexconfig/epstopdf-sys.cfg
File: epstopdf-sys.cfg 2010/07/13 v1.3 Configuration of (r)epstopdf for TeX Liv
e
))
\AtBeginShipoutBox=\box37

(/usr/local/texlive/2017/texmf-dist/tex/latex/oberdiek/pdflscape.sty
Package: pdflscape 2016/05/14 v0.11 Display of landscape pages in PDF (HO)
Package pdflscape Info: Auto-detected driver: pdftex on input line 81.
)
*geometry* driver: auto-detecting
*geometry* detected driver: pdftex
*geometry* verbose mode - [ preamble ] result:
* driver: pdftex
* paper: <default>
* layout: <same size as paper>
* layoutoffset:(h,v)=(0.0pt,0.0pt)
* modes: twoside 
* h-part:(L,W,R)=(73.71613pt, 430.00462pt, 110.57425pt)
* v-part:(T,H,B)=(95.39737pt, 556.47656pt, 143.09605pt)
* \paperwidth=614.295pt
* \paperheight=794.96999pt
* \textwidth=430.00462pt
* \textheight=556.47656pt
* \oddsidemargin=1.44614pt
* \evensidemargin=38.30426pt
* \topmargin=-13.87262pt
* \headheight=12.0pt
* \headsep=25.0pt
* \topskip=10.0pt
* \footskip=30.0pt
* \marginparwidth=121.0pt
* \marginparsep=11.0pt
* \columnsep=10.0pt
* \skip\footins=9.0pt plus 4.0pt minus 2.0pt
* \hoffset=0.0pt
* \voffset=0.0pt
* \mag=1000
* \@twocolumnfalse
* \@twosidetrue
* \@mparswitchtrue
* \@reversemarginfalse
* (1in=72.27pt=25.4mm, 1cm=28.453pt)

LaTeX Font Info:    Font shape `OT1/pbk/m/n' in size <17.28> not available
(Font)              Font shape `OT1/pbk/l/n' tried instead on input line 57.
LaTeX Font Info:    Font shape `OT1/pbk/m/n' in size <12> not available
(Font)              Font shape `OT1/pbk/l/n' tried instead on input line 57.
LaTeX Font Info:    External font `cmex10' loaded for size
(Font)              <12> on input line 57.
LaTeX Font Info:    External font `cmex10' loaded for size
(Font)              <8> on input line 57.
LaTeX Font Info:    External font `cmex10' loaded for size
(Font)              <6> on input line 57.
LaTeX Font Info:    Font shape `OT1/pbk/m/n' in size <8> not available
(Font)              Font shape `OT1/pbk/l/n' tried instead on input line 57.
LaTeX Font Info:    Font shape `OT1/pbk/m/n' in size <9> not available
(Font)              Font shape `OT1/pbk/l/n' tried instead on input line 59.
LaTeX Font Info:    Font shape `OT1/pbk/bx/n' in size <9> not available
(Font)              Font shape `OT1/pbk/b/n' tried instead on input line 59.
LaTeX Font Info:    Font shape `OT1/pbk/b/n' in size <9> not available
(Font)              Font shape `OT1/pbk/db/n' tried instead on input line 59.
LaTeX Font Info:    Font shape `OT1/pbk/m/it' in size <9> not available
(Font)              Font shape `OT1/pbk/l/it' tried instead on input line 59.
LaTeX Font Info:    Try loading font information for OML+pbk on input line 59.
(/usr/local/texlive/2017/texmf-dist/tex/latex/psnfss/omlpbk.fd
File: omlpbk.fd 
)
LaTeX Font Info:    Font shape `OML/pbk/m/n' in size <9> not available
(Font)              Font shape `OML/cmm/m/it' tried instead on input line 59.
LaTeX Font Info:    Font shape `OT1/pbk/m/n' in size <14.4> not available
(Font)              Font shape `OT1/pbk/l/n' tried instead on input line 62.
LaTeX Font Info:    Font shape `OT1/pbk/bx/n' in size <14.4> not available
(Font)              Font shape `OT1/pbk/b/n' tried instead on input line 62.
LaTeX Font Info:    Font shape `OT1/pbk/b/n' in size <14.4> not available
(Font)              Font shape `OT1/pbk/db/n' tried instead on input line 62.
 [1

{/usr/local/texlive/2017/texmf-var/fonts/map/pdftex/updmap/pdftex.map}]
LaTeX Font Info:    Font shape `OT1/pbk/m/it' in size <10> not available
(Font)              Font shape `OT1/pbk/l/it' tried instead on input line 65.
Missing character: There is no Â in font pbkli7t!
Missing character: There is no § in font pbkli7t!
LaTeX Font Info:    Font shape `OT1/pbk/bx/n' in size <10> not available
(Font)              Font shape `OT1/pbk/b/n' tried instead on input line 83.
LaTeX Font Info:    Font shape `OT1/pbk/b/n' in size <10> not available
(Font)              Font shape `OT1/pbk/db/n' tried instead on input line 83.
 [2] [3]
LaTeX Font Info:    Font shape `OT1/pbk/bx/n' in size <12> not available
(Font)              Font shape `OT1/pbk/b/n' tried instead on input line 107.
LaTeX Font Info:    Font shape `OT1/pbk/b/n' in size <12> not available
(Font)              Font shape `OT1/pbk/db/n' tried instead on input line 107.
Missing character: There is no â in font pbkl7t!
Missing character: There is no € in font pbkl7t!
Missing character: There is no “ in font pbkl7t!

<Figure1.pdf, id=16, 758.835pt x 578.16pt>
File: Figure1.pdf Graphic file (type pdf)
 <use Figure1.pdf>
Package pdftex.def Info: Figure1.pdf used on input line 126.
(pdftex.def)             Requested size: 430.00462pt x 327.63142pt.
 [4] [5 <./Figure1.pdf>]
LaTeX Font Info:    Try loading font information for OMS+pbk on input line 150.

 (/usr/local/texlive/2017/texmf-dist/tex/latex/psnfss/omspbk.fd
File: omspbk.fd 
)
LaTeX Font Info:    Font shape `OMS/pbk/m/n' in size <10> not available
(Font)              Font shape `OMS/cmsy/m/n' tried instead on input line 150.
 [6]
[7] [8] [9] <Yerkes-Dodson.pdf, id=91, 794.97pt x 614.295pt>
File: Yerkes-Dodson.pdf Graphic file (type pdf)

<use Yerkes-Dodson.pdf>
Package pdftex.def Info: Yerkes-Dodson.pdf used on input line 222.
(pdftex.def)             Requested size: 430.00462pt x 332.28613pt.
LaTeX Font Info:    External font `cmex10' loaded for size
(Font)              <7> on input line 223.
LaTeX Font Info:    External font `cmex10' loaded for size
(Font)              <5> on input line 223.
LaTeX Font Info:    Font shape `OT1/pbk/m/it' in size <7> not available
(Font)              Font shape `OT1/pbk/l/it' tried instead on input line 223.
LaTeX Font Info:    Font shape `OML/pbk/m/it' in size <10> not available
(Font)              Font shape `OML/cmm/m/it' tried instead on input line 223.
LaTeX Font Info:    Font shape `OML/pbk/m/n' in size <10> not available
(Font)              Font shape `OML/cmm/m/it' tried instead on input line 350.
 [10] [11 <./Yerkes-Dodson.pdf, page is rotated 270 degrees>]
Underfull \vbox (badness 4531) has occurred while \output is active []

 [12]
[13] [14] [15]
Overfull \hbox (18.16325pt too wide) in paragraph at lines 413--414
\OT1/pbk/l/n/10 dent suc-cess, and class-room be-hav-ior were also col-lected b
y a dis-trict fa-cil-i-ta-tor/coordinator.
 []

[16] <BehaviorPipeline.pdf, id=143, 758.835pt x 578.16pt>
File: BehaviorPipeline.pdf Graphic file (type pdf)

<use BehaviorPipeline.pdf>
Package pdftex.def Info: BehaviorPipeline.pdf used on input line 437.
(pdftex.def)             Requested size: 430.00462pt x 327.63142pt.
LaTeX Font Info:    Font shape `OT1/pbk/m/n' in size <7> not available
(Font)              Font shape `OT1/pbk/l/n' tried instead on input line 456.
 [17] [18 <./BehaviorPipeline.pdf>]
LaTeX Font Info:    Font shape `OT1/pbk/bx/n' in size <7> not available
(Font)              Font shape `OT1/pbk/b/n' tried instead on input line 466.
LaTeX Font Info:    Font shape `OT1/pbk/b/n' in size <7> not available
(Font)              Font shape `OT1/pbk/db/n' tried instead on input line 466.
LaTeX Font Info:    Font shape `OT1/pbk/m/n' in size <5> not available
(Font)              Font shape `OT1/pbk/l/n' tried instead on input line 485.
 [19]
LaTeX Font Info:    Font shape `OT1/pbk/m/it' in size <5> not available
(Font)              Font shape `OT1/pbk/l/it' tried instead on input line 500.
LaTeX Font Info:    Font shape `OT1/pbk/bx/n' in size <5> not available
(Font)              Font shape `OT1/pbk/b/n' tried instead on input line 530.
LaTeX Font Info:    Font shape `OT1/pbk/b/n' in size <5> not available
(Font)              Font shape `OT1/pbk/db/n' tried instead on input line 530.
LaTeX Font Info:    Font shape `OT1/pbk/bx/it' in size <5> not available
(Font)              Font shape `OT1/pbk/b/it' tried instead on input line 530.
LaTeX Font Info:    Font shape `OT1/pbk/b/it' in size <5> not available
(Font)              Font shape `OT1/pbk/db/it' tried instead on input line 530.



LaTeX Font Warning: Font shape `OML/pbk/bx/n' undefined
(Font)              using `OML/pbk/m/it' instead
(Font)              for symbol `textgreater' on input line 533.

LaTeX Font Info:    Font shape `OML/pbk/m/it' in size <5> not available
(Font)              Font shape `OML/cmm/m/it' tried instead on input line 533.
LaTeX Font Info:    Font shape `OML/pbk/m/n' in size <5> not available
(Font)              Font shape `OML/cmm/m/it' tried instead on input line 534.
LaTeX Font Info:    Font shape `OML/pbk/bx/n' in size <5> not available
(Font)              Font shape `OML/cmm/m/it' tried instead on input line 537.
[20

] [21


] [22] [23] [24

] [25] [26

] [27]
Overfull \hbox (2.81364pt too wide) in paragraph at lines 827--828
[]\OT1/pbk/l/n/10 Based upon the cur-rent re-sults, the pi-lot im-ple-men-ta-ti
on of the \OT1/pbk/l/it/10 Main-stream-ing Pipeline
 []

[28] [29]
Overfull \hbox (3.89023pt too wide) in paragraph at lines 833--833
[][]\OT1/pbk/l/n/10 Fuchs, D., Mock, D., Mor-gan, P. L., & Young, C. L. (2003).
 Responsiveness-to-intervention:
 []

[30] [31]
Overfull \hbox (25.84035pt too wide) in paragraph at lines 833--833
\OT1/pbk/l/n/10 1177 / 019874299301800408$. eprint: $http : / / dx . doi . org 
/ 10 . 1177 / 019874299301800408$ 
 []

[32]
LaTeX Font Info:    Font shape `OT1/pbk/m/n' in size <20.74> not available
(Font)              Font shape `OT1/pbk/l/n' tried instead on input line 835.
LaTeX Font Info:    Font shape `OT1/pbk/bx/n' in size <20.74> not available
(Font)              Font shape `OT1/pbk/b/n' tried instead on input line 835.
LaTeX Font Info:    Font shape `OT1/pbk/b/n' in size <20.74> not available
(Font)              Font shape `OT1/pbk/db/n' tried instead on input line 835.
 <DecisionTree.pdf, id=247, 758.835pt x 578.16pt>
File: DecisionTree.pdf Graphic file (type pdf)
 <use DecisionTree.pdf>
Package pdftex.def Info: DecisionTree.pdf used on input line 842.
(pdftex.def)             Requested size: 758.83316pt x 578.15858pt.
File: DecisionTree.pdf Graphic file (type pdf)

<use DecisionTree.pdf>
Package pdftex.def Info: DecisionTree.pdf used on input line 842.
(pdftex.def)             Requested size: 758.83316pt x 578.15858pt.

<DecisionTree.pdf, id=250, page=1, 758.835pt x 578.16pt>
File: DecisionTree.pdf Graphic file (type pdf)

<use DecisionTree.pdf, page 1>
Package pdftex.def Info: DecisionTree.pdf, page1 used on input line 842.
(pdftex.def)             Requested size: 758.83316pt x 578.15858pt.
File: DecisionTree.pdf Graphic file (type pdf)
 <use DecisionTree.pdf, page 1>
Package pdftex.def Info: DecisionTree.pdf, page1 used on input line 842.
(pdftex.def)             Requested size: 795.83923pt x 606.35368pt.
 [33

]
File: DecisionTree.pdf Graphic file (type pdf)

<use DecisionTree.pdf, page 1>
Package pdftex.def Info: DecisionTree.pdf, page1 used on input line 842.
(pdftex.def)             Requested size: 795.83923pt x 606.35368pt.
File: DecisionTree.pdf Graphic file (type pdf)
 <use DecisionTree.pdf, page 1>
Package pdftex.def Info: DecisionTree.pdf, page1 used on input line 842.
(pdftex.def)             Requested size: 795.83923pt x 606.35368pt.
File: DecisionTree.pdf Graphic file (type pdf)

<use DecisionTree.pdf, page 1>
Package pdftex.def Info: DecisionTree.pdf, page1 used on input line 842.
(pdftex.def)             Requested size: 795.83923pt x 606.35368pt.
 [34 <./DecisionTree.pdf>]
File: BehaviorPipeline.pdf Graphic file (type pdf)

<use BehaviorPipeline.pdf>
Package pdftex.def Info: BehaviorPipeline.pdf used on input line 844.
(pdftex.def)             Requested size: 758.83316pt x 578.15858pt.
File: BehaviorPipeline.pdf Graphic file (type pdf)
 <use BehaviorPipeline.pdf>
Package pdftex.def Info: BehaviorPipeline.pdf used on input line 844.
(pdftex.def)             Requested size: 758.83316pt x 578.15858pt.

<BehaviorPipeline.pdf, id=313, page=1, 758.835pt x 578.16pt>
File: BehaviorPipeline.pdf Graphic file (type pdf)

<use BehaviorPipeline.pdf, page 1>
Package pdftex.def Info: BehaviorPipeline.pdf, page1 used on input line 844.
(pdftex.def)             Requested size: 758.83316pt x 578.15858pt.
File: BehaviorPipeline.pdf Graphic file (type pdf)
 <use BehaviorPipeline.pdf, page 1>
Package pdftex.def Info: BehaviorPipeline.pdf, page1 used on input line 844.
(pdftex.def)             Requested size: 795.83923pt x 606.35368pt.
File: BehaviorPipeline.pdf Graphic file (type pdf)

<use BehaviorPipeline.pdf, page 1>
Package pdftex.def Info: BehaviorPipeline.pdf, page1 used on input line 844.
(pdftex.def)             Requested size: 795.83923pt x 606.35368pt.
File: BehaviorPipeline.pdf Graphic file (type pdf)
 <use BehaviorPipeline.pdf, page 1>
Package pdftex.def Info: BehaviorPipeline.pdf, page1 used on input line 844.
(pdftex.def)             Requested size: 795.83923pt x 606.35368pt.
File: BehaviorPipeline.pdf Graphic file (type pdf)

<use BehaviorPipeline.pdf, page 1>
Package pdftex.def Info: BehaviorPipeline.pdf, page1 used on input line 844.
(pdftex.def)             Requested size: 795.83923pt x 606.35368pt.
 [35 <./BehaviorPipeline.pdf>]
<MainstreamingPlan.pdf, id=366, 614.295pt x 794.97pt>
File: MainstreamingPlan.pdf Graphic file (type pdf)

<use MainstreamingPlan.pdf>
Package pdftex.def Info: MainstreamingPlan.pdf used on input line 846.
(pdftex.def)             Requested size: 614.29349pt x 794.96806pt.
File: MainstreamingPlan.pdf Graphic file (type pdf)
 <use MainstreamingPlan.pdf>
Package pdftex.def Info: MainstreamingPlan.pdf used on input line 846.
(pdftex.def)             Requested size: 614.29349pt x 794.96806pt.
File: MainstreamingPlan.pdf Graphic file (type pdf)

<use MainstreamingPlan.pdf>
Package pdftex.def Info: MainstreamingPlan.pdf used on input line 846.
(pdftex.def)             Requested size: 614.29349pt x 794.96806pt.

<MainstreamingPlan.pdf, id=370, page=1, 614.295pt x 794.97pt>
File: MainstreamingPlan.pdf Graphic file (type pdf)

<use MainstreamingPlan.pdf, page 1>
Package pdftex.def Info: MainstreamingPlan.pdf, page1 used on input line 846.
(pdftex.def)             Requested size: 614.29349pt x 794.96806pt.
File: MainstreamingPlan.pdf Graphic file (type pdf)
 <use MainstreamingPlan.pdf, page 1>
Package pdftex.def Info: MainstreamingPlan.pdf, page1 used on input line 846.
(pdftex.def)             Requested size: 614.58406pt x 795.3441pt.
File: MainstreamingPlan.pdf Graphic file (type pdf)

<use MainstreamingPlan.pdf, page 1>
Package pdftex.def Info: MainstreamingPlan.pdf, page1 used on input line 846.
(pdftex.def)             Requested size: 614.58406pt x 795.3441pt.
File: MainstreamingPlan.pdf Graphic file (type pdf)
 <use MainstreamingPlan.pdf, page 1>
Package pdftex.def Info: MainstreamingPlan.pdf, page1 used on input line 846.
(pdftex.def)             Requested size: 614.58406pt x 795.3441pt.
File: MainstreamingPlan.pdf Graphic file (type pdf)

<use MainstreamingPlan.pdf, page 1>
Package pdftex.def Info: MainstreamingPlan.pdf, page1 used on input line 846.
(pdftex.def)             Requested size: 614.58406pt x 795.3441pt.
 [36 <./MainstreamingPlan.pdf>]
<MainstreamingPlan.pdf, id=389, page=2, 614.295pt x 794.97pt>
File: MainstreamingPlan.pdf Graphic file (type pdf)

<use MainstreamingPlan.pdf, page 2>
Package pdftex.def Info: MainstreamingPlan.pdf, page2 used on input line 846.
(pdftex.def)             Requested size: 614.58406pt x 795.3441pt.
File: MainstreamingPlan.pdf Graphic file (type pdf)
 <use MainstreamingPlan.pdf, page 2>
Package pdftex.def Info: MainstreamingPlan.pdf, page2 used on input line 846.
(pdftex.def)             Requested size: 614.58406pt x 795.3441pt.
File: MainstreamingPlan.pdf Graphic file (type pdf)

<use MainstreamingPlan.pdf, page 2>
Package pdftex.def Info: MainstreamingPlan.pdf, page2 used on input line 846.
(pdftex.def)             Requested size: 614.58406pt x 795.3441pt.
 [37 <./MainstreamingPlan.pdf>] [38

]
<ClassroomEcologicalInventory.pdf, id=400, 614.295pt x 794.97pt>
File: ClassroomEcologicalInventory.pdf Graphic file (type pdf)

<use ClassroomEcologicalInventory.pdf>
Package pdftex.def Info: ClassroomEcologicalInventory.pdf used on input line 84
9.
(pdftex.def)             Requested size: 614.29349pt x 794.96806pt.
File: ClassroomEcologicalInventory.pdf Graphic file (type pdf)
 <use ClassroomEcologicalInventory.pdf>
Package pdftex.def Info: ClassroomEcologicalInventory.pdf used on input line 84
9.
(pdftex.def)             Requested size: 614.29349pt x 794.96806pt.
File: ClassroomEcologicalInventory.pdf Graphic file (type pdf)

<use ClassroomEcologicalInventory.pdf>
Package pdftex.def Info: ClassroomEcologicalInventory.pdf used on input line 84
9.
(pdftex.def)             Requested size: 614.29349pt x 794.96806pt.
File: ClassroomEcologicalInventory.pdf Graphic file (type pdf)
 <use ClassroomEcologicalInventory.pdf>
Package pdftex.def Info: ClassroomEcologicalInventory.pdf used on input line 84
9.
(pdftex.def)             Requested size: 614.29349pt x 794.96806pt.
File: ClassroomEcologicalInventory.pdf Graphic file (type pdf)

<use ClassroomEcologicalInventory.pdf>
Package pdftex.def Info: ClassroomEcologicalInventory.pdf used on input line 84
9.
(pdftex.def)             Requested size: 614.29349pt x 794.96806pt.
File: ClassroomEcologicalInventory.pdf Graphic file (type pdf)
 <use ClassroomEcologicalInventory.pdf>
Package pdftex.def Info: ClassroomEcologicalInventory.pdf used on input line 84
9.
(pdftex.def)             Requested size: 614.29349pt x 794.96806pt.

<ClassroomEcologicalInventory.pdf, id=407, page=1, 614.295pt x 794.97pt>
File: ClassroomEcologicalInventory.pdf Graphic file (type pdf)

<use ClassroomEcologicalInventory.pdf, page 1>
Package pdftex.def Info: ClassroomEcologicalInventory.pdf, page1 used on input 
line 849.
(pdftex.def)             Requested size: 614.29349pt x 794.96806pt.
File: ClassroomEcologicalInventory.pdf Graphic file (type pdf)

<use ClassroomEcologicalInventory.pdf, page 1>
Package pdftex.def Info: ClassroomEcologicalInventory.pdf, page1 used on input 
line 849.
(pdftex.def)             Requested size: 614.58406pt x 795.3441pt.
File: ClassroomEcologicalInventory.pdf Graphic file (type pdf)

<use ClassroomEcologicalInventory.pdf, page 1>
Package pdftex.def Info: ClassroomEcologicalInventory.pdf, page1 used on input 
line 849.
(pdftex.def)             Requested size: 614.58406pt x 795.3441pt.
File: ClassroomEcologicalInventory.pdf Graphic file (type pdf)

<use ClassroomEcologicalInventory.pdf, page 1>
Package pdftex.def Info: ClassroomEcologicalInventory.pdf, page1 used on input 
line 849.
(pdftex.def)             Requested size: 614.58406pt x 795.3441pt.
File: ClassroomEcologicalInventory.pdf Graphic file (type pdf)

<use ClassroomEcologicalInventory.pdf, page 1>
Package pdftex.def Info: ClassroomEcologicalInventory.pdf, page1 used on input 
line 849.
(pdftex.def)             Requested size: 614.58406pt x 795.3441pt.
 [39

 <./ClassroomEcologicalInventory.pdf>]
<ClassroomEcologicalInventory.pdf, id=430, page=2, 614.295pt x 794.97pt>
File: ClassroomEcologicalInventory.pdf Graphic file (type pdf)

<use ClassroomEcologicalInventory.pdf, page 2>
Package pdftex.def Info: ClassroomEcologicalInventory.pdf, page2 used on input 
line 849.
(pdftex.def)             Requested size: 614.58406pt x 795.3441pt.
File: ClassroomEcologicalInventory.pdf Graphic file (type pdf)

<use ClassroomEcologicalInventory.pdf, page 2>
Package pdftex.def Info: ClassroomEcologicalInventory.pdf, page2 used on input 
line 849.
(pdftex.def)             Requested size: 614.58406pt x 795.3441pt.
File: ClassroomEcologicalInventory.pdf Graphic file (type pdf)

<use ClassroomEcologicalInventory.pdf, page 2>
Package pdftex.def Info: ClassroomEcologicalInventory.pdf, page2 used on input 
line 849.
(pdftex.def)             Requested size: 614.58406pt x 795.3441pt.
 [40 <./ClassroomEcologicalInventory.pdf>]
<ClassroomEcologicalInventory.pdf, id=435, page=3, 614.295pt x 794.97pt>
File: ClassroomEcologicalInventory.pdf Graphic file (type pdf)

<use ClassroomEcologicalInventory.pdf, page 3>
Package pdftex.def Info: ClassroomEcologicalInventory.pdf, page3 used on input 
line 849.
(pdftex.def)             Requested size: 614.58406pt x 795.3441pt.
File: ClassroomEcologicalInventory.pdf Graphic file (type pdf)

<use ClassroomEcologicalInventory.pdf, page 3>
Package pdftex.def Info: ClassroomEcologicalInventory.pdf, page3 used on input 
line 849.
(pdftex.def)             Requested size: 614.58406pt x 795.3441pt.
File: ClassroomEcologicalInventory.pdf Graphic file (type pdf)

<use ClassroomEcologicalInventory.pdf, page 3>
Package pdftex.def Info: ClassroomEcologicalInventory.pdf, page3 used on input 
line 849.
(pdftex.def)             Requested size: 614.58406pt x 795.3441pt.
 [41 <./ClassroomEcologicalInventory.pdf>]
<ClassroomEcologicalInventory.pdf, id=448, page=4, 614.295pt x 794.97pt>
File: ClassroomEcologicalInventory.pdf Graphic file (type pdf)

<use ClassroomEcologicalInventory.pdf, page 4>
Package pdftex.def Info: ClassroomEcologicalInventory.pdf, page4 used on input 
line 849.
(pdftex.def)             Requested size: 614.58406pt x 795.3441pt.
File: ClassroomEcologicalInventory.pdf Graphic file (type pdf)

<use ClassroomEcologicalInventory.pdf, page 4>
Package pdftex.def Info: ClassroomEcologicalInventory.pdf, page4 used on input 
line 849.
(pdftex.def)             Requested size: 614.58406pt x 795.3441pt.
File: ClassroomEcologicalInventory.pdf Graphic file (type pdf)

<use ClassroomEcologicalInventory.pdf, page 4>
Package pdftex.def Info: ClassroomEcologicalInventory.pdf, page4 used on input 
line 849.
(pdftex.def)             Requested size: 614.58406pt x 795.3441pt.
 [42 <./ClassroomEcologicalInventory.pdf>]
<ClassroomEcologicalInventory.pdf, id=453, page=5, 614.295pt x 794.97pt>
File: ClassroomEcologicalInventory.pdf Graphic file (type pdf)

<use ClassroomEcologicalInventory.pdf, page 5>
Package pdftex.def Info: ClassroomEcologicalInventory.pdf, page5 used on input 
line 849.
(pdftex.def)             Requested size: 614.58406pt x 795.3441pt.
File: ClassroomEcologicalInventory.pdf Graphic file (type pdf)

<use ClassroomEcologicalInventory.pdf, page 5>
Package pdftex.def Info: ClassroomEcologicalInventory.pdf, page5 used on input 
line 849.
(pdftex.def)             Requested size: 614.58406pt x 795.3441pt.
File: ClassroomEcologicalInventory.pdf Graphic file (type pdf)

<use ClassroomEcologicalInventory.pdf, page 5>
Package pdftex.def Info: ClassroomEcologicalInventory.pdf, page5 used on input 
line 849.
(pdftex.def)             Requested size: 614.58406pt x 795.3441pt.
 [43 <./ClassroomEcologicalInventory.pdf>] [44

] <BehavioralFirstAidKit.pdf, id=462, 614.295pt x 794.97pt>
File: BehavioralFirstAidKit.pdf Graphic file (type pdf)

<use BehavioralFirstAidKit.pdf>
Package pdftex.def Info: BehavioralFirstAidKit.pdf used on input line 852.
(pdftex.def)             Requested size: 614.29349pt x 794.96806pt.
File: BehavioralFirstAidKit.pdf Graphic file (type pdf)
 <use BehavioralFirstAidKit.pdf>
Package pdftex.def Info: BehavioralFirstAidKit.pdf used on input line 852.
(pdftex.def)             Requested size: 614.29349pt x 794.96806pt.

<BehavioralFirstAidKit.pdf, id=465, page=1, 614.295pt x 794.97pt>
File: BehavioralFirstAidKit.pdf Graphic file (type pdf)

<use BehavioralFirstAidKit.pdf, page 1>
Package pdftex.def Info: BehavioralFirstAidKit.pdf, page1 used on input line 85
2.
(pdftex.def)             Requested size: 614.29349pt x 794.96806pt.
File: BehavioralFirstAidKit.pdf Graphic file (type pdf)

<use BehavioralFirstAidKit.pdf, page 1>
Package pdftex.def Info: BehavioralFirstAidKit.pdf, page1 used on input line 85
2.
(pdftex.def)             Requested size: 614.58406pt x 795.3441pt.
File: BehavioralFirstAidKit.pdf Graphic file (type pdf)

<use BehavioralFirstAidKit.pdf, page 1>
Package pdftex.def Info: BehavioralFirstAidKit.pdf, page1 used on input line 85
2.
(pdftex.def)             Requested size: 614.58406pt x 795.3441pt.
File: BehavioralFirstAidKit.pdf Graphic file (type pdf)

<use BehavioralFirstAidKit.pdf, page 1>
Package pdftex.def Info: BehavioralFirstAidKit.pdf, page1 used on input line 85
2.
(pdftex.def)             Requested size: 614.58406pt x 795.3441pt.
File: BehavioralFirstAidKit.pdf Graphic file (type pdf)

<use BehavioralFirstAidKit.pdf, page 1>
Package pdftex.def Info: BehavioralFirstAidKit.pdf, page1 used on input line 85
2.
(pdftex.def)             Requested size: 614.58406pt x 795.3441pt.
 [45

 <./BehavioralFirstAidKit.pdf>]
<BehavioralFirstAidKit.pdf, id=487, page=2, 614.295pt x 794.97pt>
File: BehavioralFirstAidKit.pdf Graphic file (type pdf)

<use BehavioralFirstAidKit.pdf, page 2>
Package pdftex.def Info: BehavioralFirstAidKit.pdf, page2 used on input line 85
2.
(pdftex.def)             Requested size: 614.58406pt x 795.3441pt.
File: BehavioralFirstAidKit.pdf Graphic file (type pdf)

<use BehavioralFirstAidKit.pdf, page 2>
Package pdftex.def Info: BehavioralFirstAidKit.pdf, page2 used on input line 85
2.
(pdftex.def)             Requested size: 614.58406pt x 795.3441pt.
File: BehavioralFirstAidKit.pdf Graphic file (type pdf)

<use BehavioralFirstAidKit.pdf, page 2>
Package pdftex.def Info: BehavioralFirstAidKit.pdf, page2 used on input line 85
2.
(pdftex.def)             Requested size: 614.58406pt x 795.3441pt.
 [46 <./BehavioralFirstAidKit.pdf>]
<BehavioralFirstAidKit.pdf, id=491, page=3, 614.295pt x 794.97pt>
File: BehavioralFirstAidKit.pdf Graphic file (type pdf)

<use BehavioralFirstAidKit.pdf, page 3>
Package pdftex.def Info: BehavioralFirstAidKit.pdf, page3 used on input line 85
2.
(pdftex.def)             Requested size: 614.58406pt x 795.3441pt.
File: BehavioralFirstAidKit.pdf Graphic file (type pdf)

<use BehavioralFirstAidKit.pdf, page 3>
Package pdftex.def Info: BehavioralFirstAidKit.pdf, page3 used on input line 85
2.
(pdftex.def)             Requested size: 614.58406pt x 795.3441pt.
File: BehavioralFirstAidKit.pdf Graphic file (type pdf)

<use BehavioralFirstAidKit.pdf, page 3>
Package pdftex.def Info: BehavioralFirstAidKit.pdf, page3 used on input line 85
2.
(pdftex.def)             Requested size: 614.58406pt x 795.3441pt.
 [47 <./BehavioralFirstAidKit.pdf>]
<BehavioralFirstAidKit.pdf, id=495, page=4, 614.295pt x 794.97pt>
File: BehavioralFirstAidKit.pdf Graphic file (type pdf)

<use BehavioralFirstAidKit.pdf, page 4>
Package pdftex.def Info: BehavioralFirstAidKit.pdf, page4 used on input line 85
2.
(pdftex.def)             Requested size: 614.58406pt x 795.3441pt.
File: BehavioralFirstAidKit.pdf Graphic file (type pdf)

<use BehavioralFirstAidKit.pdf, page 4>
Package pdftex.def Info: BehavioralFirstAidKit.pdf, page4 used on input line 85
2.
(pdftex.def)             Requested size: 614.58406pt x 795.3441pt.
File: BehavioralFirstAidKit.pdf Graphic file (type pdf)

<use BehavioralFirstAidKit.pdf, page 4>
Package pdftex.def Info: BehavioralFirstAidKit.pdf, page4 used on input line 85
2.
(pdftex.def)             Requested size: 614.58406pt x 795.3441pt.
 [48 <./BehavioralFirstAidKit.pdf>]
<BehavioralFirstAidKit.pdf, id=499, page=5, 614.295pt x 794.97pt>
File: BehavioralFirstAidKit.pdf Graphic file (type pdf)

<use BehavioralFirstAidKit.pdf, page 5>
Package pdftex.def Info: BehavioralFirstAidKit.pdf, page5 used on input line 85
2.
(pdftex.def)             Requested size: 614.58406pt x 795.3441pt.
File: BehavioralFirstAidKit.pdf Graphic file (type pdf)

<use BehavioralFirstAidKit.pdf, page 5>
Package pdftex.def Info: BehavioralFirstAidKit.pdf, page5 used on input line 85
2.
(pdftex.def)             Requested size: 614.58406pt x 795.3441pt.
File: BehavioralFirstAidKit.pdf Graphic file (type pdf)

<use BehavioralFirstAidKit.pdf, page 5>
Package pdftex.def Info: BehavioralFirstAidKit.pdf, page5 used on input line 85
2.
(pdftex.def)             Requested size: 614.58406pt x 795.3441pt.
 [49 <./BehavioralFirstAidKit.pdf>]
<BehavioralFirstAidKit.pdf, id=504, page=6, 614.295pt x 794.97pt>
File: BehavioralFirstAidKit.pdf Graphic file (type pdf)

<use BehavioralFirstAidKit.pdf, page 6>
Package pdftex.def Info: BehavioralFirstAidKit.pdf, page6 used on input line 85
2.
(pdftex.def)             Requested size: 614.58406pt x 795.3441pt.
File: BehavioralFirstAidKit.pdf Graphic file (type pdf)

<use BehavioralFirstAidKit.pdf, page 6>
Package pdftex.def Info: BehavioralFirstAidKit.pdf, page6 used on input line 85
2.
(pdftex.def)             Requested size: 614.58406pt x 795.3441pt.
File: BehavioralFirstAidKit.pdf Graphic file (type pdf)

<use BehavioralFirstAidKit.pdf, page 6>
Package pdftex.def Info: BehavioralFirstAidKit.pdf, page6 used on input line 85
2.
(pdftex.def)             Requested size: 614.58406pt x 795.3441pt.
 [50 <./BehavioralFirstAidKit.pdf>]
<BehavioralFirstAidKit.pdf, id=508, page=7, 614.295pt x 794.97pt>
File: BehavioralFirstAidKit.pdf Graphic file (type pdf)

<use BehavioralFirstAidKit.pdf, page 7>
Package pdftex.def Info: BehavioralFirstAidKit.pdf, page7 used on input line 85
2.
(pdftex.def)             Requested size: 614.58406pt x 795.3441pt.
File: BehavioralFirstAidKit.pdf Graphic file (type pdf)

<use BehavioralFirstAidKit.pdf, page 7>
Package pdftex.def Info: BehavioralFirstAidKit.pdf, page7 used on input line 85
2.
(pdftex.def)             Requested size: 614.58406pt x 795.3441pt.
File: BehavioralFirstAidKit.pdf Graphic file (type pdf)

<use BehavioralFirstAidKit.pdf, page 7>
Package pdftex.def Info: BehavioralFirstAidKit.pdf, page7 used on input line 85
2.
(pdftex.def)             Requested size: 614.58406pt x 795.3441pt.
 [51 <./BehavioralFirstAidKit.pdf>]
<BehavioralFirstAidKit.pdf, id=512, page=8, 614.295pt x 794.97pt>
File: BehavioralFirstAidKit.pdf Graphic file (type pdf)

<use BehavioralFirstAidKit.pdf, page 8>
Package pdftex.def Info: BehavioralFirstAidKit.pdf, page8 used on input line 85
2.
(pdftex.def)             Requested size: 614.58406pt x 795.3441pt.
File: BehavioralFirstAidKit.pdf Graphic file (type pdf)

<use BehavioralFirstAidKit.pdf, page 8>
Package pdftex.def Info: BehavioralFirstAidKit.pdf, page8 used on input line 85
2.
(pdftex.def)             Requested size: 614.58406pt x 795.3441pt.
File: BehavioralFirstAidKit.pdf Graphic file (type pdf)

<use BehavioralFirstAidKit.pdf, page 8>
Package pdftex.def Info: BehavioralFirstAidKit.pdf, page8 used on input line 85
2.
(pdftex.def)             Requested size: 614.58406pt x 795.3441pt.
 [52 <./BehavioralFirstAidKit.pdf>]
<BehavioralFirstAidKit.pdf, id=516, page=9, 614.295pt x 794.97pt>
File: BehavioralFirstAidKit.pdf Graphic file (type pdf)

<use BehavioralFirstAidKit.pdf, page 9>
Package pdftex.def Info: BehavioralFirstAidKit.pdf, page9 used on input line 85
2.
(pdftex.def)             Requested size: 614.58406pt x 795.3441pt.
File: BehavioralFirstAidKit.pdf Graphic file (type pdf)

<use BehavioralFirstAidKit.pdf, page 9>
Package pdftex.def Info: BehavioralFirstAidKit.pdf, page9 used on input line 85
2.
(pdftex.def)             Requested size: 614.58406pt x 795.3441pt.
File: BehavioralFirstAidKit.pdf Graphic file (type pdf)

<use BehavioralFirstAidKit.pdf, page 9>
Package pdftex.def Info: BehavioralFirstAidKit.pdf, page9 used on input line 85
2.
(pdftex.def)             Requested size: 614.58406pt x 795.3441pt.
 [53 <./BehavioralFirstAidKit.pdf>]
<BehavioralFirstAidKit.pdf, id=520, page=10, 614.295pt x 794.97pt>
File: BehavioralFirstAidKit.pdf Graphic file (type pdf)

<use BehavioralFirstAidKit.pdf, page 10>
Package pdftex.def Info: BehavioralFirstAidKit.pdf, page10 used on input line 8
52.
(pdftex.def)             Requested size: 614.58406pt x 795.3441pt.
File: BehavioralFirstAidKit.pdf Graphic file (type pdf)

<use BehavioralFirstAidKit.pdf, page 10>
Package pdftex.def Info: BehavioralFirstAidKit.pdf, page10 used on input line 8
52.
(pdftex.def)             Requested size: 614.58406pt x 795.3441pt.
File: BehavioralFirstAidKit.pdf Graphic file (type pdf)

<use BehavioralFirstAidKit.pdf, page 10>
Package pdftex.def Info: BehavioralFirstAidKit.pdf, page10 used on input line 8
52.
(pdftex.def)             Requested size: 614.58406pt x 795.3441pt.
 [54 <./BehavioralFirstAidKit.pdf>]
<BehavioralFirstAidKit.pdf, id=524, page=11, 614.295pt x 794.97pt>
File: BehavioralFirstAidKit.pdf Graphic file (type pdf)

<use BehavioralFirstAidKit.pdf, page 11>
Package pdftex.def Info: BehavioralFirstAidKit.pdf, page11 used on input line 8
52.
(pdftex.def)             Requested size: 614.58406pt x 795.3441pt.
File: BehavioralFirstAidKit.pdf Graphic file (type pdf)

<use BehavioralFirstAidKit.pdf, page 11>
Package pdftex.def Info: BehavioralFirstAidKit.pdf, page11 used on input line 8
52.
(pdftex.def)             Requested size: 614.58406pt x 795.3441pt.
File: BehavioralFirstAidKit.pdf Graphic file (type pdf)

<use BehavioralFirstAidKit.pdf, page 11>
Package pdftex.def Info: BehavioralFirstAidKit.pdf, page11 used on input line 8
52.
(pdftex.def)             Requested size: 614.58406pt x 795.3441pt.
 [55 <./BehavioralFirstAidKit.pdf>]
<BehavioralFirstAidKit.pdf, id=529, page=12, 614.295pt x 794.97pt>
File: BehavioralFirstAidKit.pdf Graphic file (type pdf)

<use BehavioralFirstAidKit.pdf, page 12>
Package pdftex.def Info: BehavioralFirstAidKit.pdf, page12 used on input line 8
52.
(pdftex.def)             Requested size: 614.58406pt x 795.3441pt.
File: BehavioralFirstAidKit.pdf Graphic file (type pdf)

<use BehavioralFirstAidKit.pdf, page 12>
Package pdftex.def Info: BehavioralFirstAidKit.pdf, page12 used on input line 8
52.
(pdftex.def)             Requested size: 614.58406pt x 795.3441pt.
File: BehavioralFirstAidKit.pdf Graphic file (type pdf)

<use BehavioralFirstAidKit.pdf, page 12>
Package pdftex.def Info: BehavioralFirstAidKit.pdf, page12 used on input line 8
52.
(pdftex.def)             Requested size: 614.58406pt x 795.3441pt.
 [56 <./BehavioralFirstAidKit.pdf>]
<BehavioralFirstAidKit.pdf, id=533, page=13, 614.295pt x 794.97pt>
File: BehavioralFirstAidKit.pdf Graphic file (type pdf)

<use BehavioralFirstAidKit.pdf, page 13>
Package pdftex.def Info: BehavioralFirstAidKit.pdf, page13 used on input line 8
52.
(pdftex.def)             Requested size: 614.58406pt x 795.3441pt.
File: BehavioralFirstAidKit.pdf Graphic file (type pdf)

<use BehavioralFirstAidKit.pdf, page 13>
Package pdftex.def Info: BehavioralFirstAidKit.pdf, page13 used on input line 8
52.
(pdftex.def)             Requested size: 614.58406pt x 795.3441pt.
File: BehavioralFirstAidKit.pdf Graphic file (type pdf)

<use BehavioralFirstAidKit.pdf, page 13>
Package pdftex.def Info: BehavioralFirstAidKit.pdf, page13 used on input line 8
52.
(pdftex.def)             Requested size: 614.58406pt x 795.3441pt.
 [57 <./BehavioralFirstAidKit.pdf>]
<BehavioralFirstAidKit.pdf, id=537, page=14, 614.295pt x 794.97pt>
File: BehavioralFirstAidKit.pdf Graphic file (type pdf)

<use BehavioralFirstAidKit.pdf, page 14>
Package pdftex.def Info: BehavioralFirstAidKit.pdf, page14 used on input line 8
52.
(pdftex.def)             Requested size: 614.58406pt x 795.3441pt.
File: BehavioralFirstAidKit.pdf Graphic file (type pdf)

<use BehavioralFirstAidKit.pdf, page 14>
Package pdftex.def Info: BehavioralFirstAidKit.pdf, page14 used on input line 8
52.
(pdftex.def)             Requested size: 614.58406pt x 795.3441pt.
File: BehavioralFirstAidKit.pdf Graphic file (type pdf)

<use BehavioralFirstAidKit.pdf, page 14>
Package pdftex.def Info: BehavioralFirstAidKit.pdf, page14 used on input line 8
52.
(pdftex.def)             Requested size: 614.58406pt x 795.3441pt.
 [58 <./BehavioralFirstAidKit.pdf>]
<BehavioralFirstAidKit.pdf, id=550, page=15, 614.295pt x 794.97pt>
File: BehavioralFirstAidKit.pdf Graphic file (type pdf)

<use BehavioralFirstAidKit.pdf, page 15>
Package pdftex.def Info: BehavioralFirstAidKit.pdf, page15 used on input line 8
52.
(pdftex.def)             Requested size: 614.58406pt x 795.3441pt.
File: BehavioralFirstAidKit.pdf Graphic file (type pdf)

<use BehavioralFirstAidKit.pdf, page 15>
Package pdftex.def Info: BehavioralFirstAidKit.pdf, page15 used on input line 8
52.
(pdftex.def)             Requested size: 614.58406pt x 795.3441pt.
File: BehavioralFirstAidKit.pdf Graphic file (type pdf)

<use BehavioralFirstAidKit.pdf, page 15>
Package pdftex.def Info: BehavioralFirstAidKit.pdf, page15 used on input line 8
52.
(pdftex.def)             Requested size: 614.58406pt x 795.3441pt.
 [59 <./BehavioralFirstAidKit.pdf>]
<BehavioralFirstAidKit.pdf, id=563, page=16, 614.295pt x 794.97pt>
File: BehavioralFirstAidKit.pdf Graphic file (type pdf)

<use BehavioralFirstAidKit.pdf, page 16>
Package pdftex.def Info: BehavioralFirstAidKit.pdf, page16 used on input line 8
52.
(pdftex.def)             Requested size: 614.58406pt x 795.3441pt.
File: BehavioralFirstAidKit.pdf Graphic file (type pdf)

<use BehavioralFirstAidKit.pdf, page 16>
Package pdftex.def Info: BehavioralFirstAidKit.pdf, page16 used on input line 8
52.
(pdftex.def)             Requested size: 614.58406pt x 795.3441pt.
File: BehavioralFirstAidKit.pdf Graphic file (type pdf)

<use BehavioralFirstAidKit.pdf, page 16>
Package pdftex.def Info: BehavioralFirstAidKit.pdf, page16 used on input line 8
52.
(pdftex.def)             Requested size: 614.58406pt x 795.3441pt.
 [60 <./BehavioralFirstAidKit.pdf>]
<BehavioralFirstAidKit.pdf, id=574, page=17, 614.295pt x 794.97pt>
File: BehavioralFirstAidKit.pdf Graphic file (type pdf)

<use BehavioralFirstAidKit.pdf, page 17>
Package pdftex.def Info: BehavioralFirstAidKit.pdf, page17 used on input line 8
52.
(pdftex.def)             Requested size: 614.58406pt x 795.3441pt.
File: BehavioralFirstAidKit.pdf Graphic file (type pdf)

<use BehavioralFirstAidKit.pdf, page 17>
Package pdftex.def Info: BehavioralFirstAidKit.pdf, page17 used on input line 8
52.
(pdftex.def)             Requested size: 614.58406pt x 795.3441pt.
File: BehavioralFirstAidKit.pdf Graphic file (type pdf)

<use BehavioralFirstAidKit.pdf, page 17>
Package pdftex.def Info: BehavioralFirstAidKit.pdf, page17 used on input line 8
52.
(pdftex.def)             Requested size: 614.58406pt x 795.3441pt.
 [61 <./BehavioralFirstAidKit.pdf>]
<BehavioralFirstAidKit.pdf, id=587, page=18, 614.295pt x 794.97pt>
File: BehavioralFirstAidKit.pdf Graphic file (type pdf)

<use BehavioralFirstAidKit.pdf, page 18>
Package pdftex.def Info: BehavioralFirstAidKit.pdf, page18 used on input line 8
52.
(pdftex.def)             Requested size: 614.58406pt x 795.3441pt.
File: BehavioralFirstAidKit.pdf Graphic file (type pdf)

<use BehavioralFirstAidKit.pdf, page 18>
Package pdftex.def Info: BehavioralFirstAidKit.pdf, page18 used on input line 8
52.
(pdftex.def)             Requested size: 614.58406pt x 795.3441pt.
File: BehavioralFirstAidKit.pdf Graphic file (type pdf)

<use BehavioralFirstAidKit.pdf, page 18>
Package pdftex.def Info: BehavioralFirstAidKit.pdf, page18 used on input line 8
52.
(pdftex.def)             Requested size: 614.58406pt x 795.3441pt.
 [62 <./BehavioralFirstAidKit.pdf>]
<BehavioralFirstAidKit.pdf, id=597, page=19, 614.295pt x 794.97pt>
File: BehavioralFirstAidKit.pdf Graphic file (type pdf)

<use BehavioralFirstAidKit.pdf, page 19>
Package pdftex.def Info: BehavioralFirstAidKit.pdf, page19 used on input line 8
52.
(pdftex.def)             Requested size: 614.58406pt x 795.3441pt.
File: BehavioralFirstAidKit.pdf Graphic file (type pdf)

<use BehavioralFirstAidKit.pdf, page 19>
Package pdftex.def Info: BehavioralFirstAidKit.pdf, page19 used on input line 8
52.
(pdftex.def)             Requested size: 614.58406pt x 795.3441pt.
File: BehavioralFirstAidKit.pdf Graphic file (type pdf)

<use BehavioralFirstAidKit.pdf, page 19>
Package pdftex.def Info: BehavioralFirstAidKit.pdf, page19 used on input line 8
52.
(pdftex.def)             Requested size: 614.58406pt x 795.3441pt.
 [63 <./BehavioralFirstAidKit.pdf>]
<BehavioralFirstAidKit.pdf, id=607, page=20, 614.295pt x 794.97pt>
File: BehavioralFirstAidKit.pdf Graphic file (type pdf)

<use BehavioralFirstAidKit.pdf, page 20>
Package pdftex.def Info: BehavioralFirstAidKit.pdf, page20 used on input line 8
52.
(pdftex.def)             Requested size: 614.58406pt x 795.3441pt.
File: BehavioralFirstAidKit.pdf Graphic file (type pdf)

<use BehavioralFirstAidKit.pdf, page 20>
Package pdftex.def Info: BehavioralFirstAidKit.pdf, page20 used on input line 8
52.
(pdftex.def)             Requested size: 614.58406pt x 795.3441pt.
File: BehavioralFirstAidKit.pdf Graphic file (type pdf)

<use BehavioralFirstAidKit.pdf, page 20>
Package pdftex.def Info: BehavioralFirstAidKit.pdf, page20 used on input line 8
52.
(pdftex.def)             Requested size: 614.58406pt x 795.3441pt.
 [64 <./BehavioralFirstAidKit.pdf>]
<BehavioralFirstAidKit.pdf, id=617, page=21, 614.295pt x 794.97pt>
File: BehavioralFirstAidKit.pdf Graphic file (type pdf)

<use BehavioralFirstAidKit.pdf, page 21>
Package pdftex.def Info: BehavioralFirstAidKit.pdf, page21 used on input line 8
52.
(pdftex.def)             Requested size: 614.58406pt x 795.3441pt.
File: BehavioralFirstAidKit.pdf Graphic file (type pdf)

<use BehavioralFirstAidKit.pdf, page 21>
Package pdftex.def Info: BehavioralFirstAidKit.pdf, page21 used on input line 8
52.
(pdftex.def)             Requested size: 614.58406pt x 795.3441pt.
File: BehavioralFirstAidKit.pdf Graphic file (type pdf)

<use BehavioralFirstAidKit.pdf, page 21>
Package pdftex.def Info: BehavioralFirstAidKit.pdf, page21 used on input line 8
52.
(pdftex.def)             Requested size: 614.58406pt x 795.3441pt.
 [65 <./BehavioralFirstAidKit.pdf>]
<BehavioralFirstAidKit.pdf, id=627, page=22, 614.295pt x 794.97pt>
File: BehavioralFirstAidKit.pdf Graphic file (type pdf)

<use BehavioralFirstAidKit.pdf, page 22>
Package pdftex.def Info: BehavioralFirstAidKit.pdf, page22 used on input line 8
52.
(pdftex.def)             Requested size: 614.58406pt x 795.3441pt.
File: BehavioralFirstAidKit.pdf Graphic file (type pdf)

<use BehavioralFirstAidKit.pdf, page 22>
Package pdftex.def Info: BehavioralFirstAidKit.pdf, page22 used on input line 8
52.
(pdftex.def)             Requested size: 614.58406pt x 795.3441pt.
File: BehavioralFirstAidKit.pdf Graphic file (type pdf)

<use BehavioralFirstAidKit.pdf, page 22>
Package pdftex.def Info: BehavioralFirstAidKit.pdf, page22 used on input line 8
52.
(pdftex.def)             Requested size: 614.58406pt x 795.3441pt.
 [66 <./BehavioralFirstAidKit.pdf>]
<BehavioralFirstAidKit.pdf, id=644, page=23, 614.295pt x 794.97pt>
File: BehavioralFirstAidKit.pdf Graphic file (type pdf)

<use BehavioralFirstAidKit.pdf, page 23>
Package pdftex.def Info: BehavioralFirstAidKit.pdf, page23 used on input line 8
52.
(pdftex.def)             Requested size: 614.58406pt x 795.3441pt.
File: BehavioralFirstAidKit.pdf Graphic file (type pdf)

<use BehavioralFirstAidKit.pdf, page 23>
Package pdftex.def Info: BehavioralFirstAidKit.pdf, page23 used on input line 8
52.
(pdftex.def)             Requested size: 614.58406pt x 795.3441pt.
File: BehavioralFirstAidKit.pdf Graphic file (type pdf)

<use BehavioralFirstAidKit.pdf, page 23>
Package pdftex.def Info: BehavioralFirstAidKit.pdf, page23 used on input line 8
52.
(pdftex.def)             Requested size: 614.58406pt x 795.3441pt.
 [67 <./BehavioralFirstAidKit.pdf>]
<BehavioralFirstAidKit.pdf, id=655, page=24, 614.295pt x 794.97pt>
File: BehavioralFirstAidKit.pdf Graphic file (type pdf)

<use BehavioralFirstAidKit.pdf, page 24>
Package pdftex.def Info: BehavioralFirstAidKit.pdf, page24 used on input line 8
52.
(pdftex.def)             Requested size: 614.58406pt x 795.3441pt.
File: BehavioralFirstAidKit.pdf Graphic file (type pdf)

<use BehavioralFirstAidKit.pdf, page 24>
Package pdftex.def Info: BehavioralFirstAidKit.pdf, page24 used on input line 8
52.
(pdftex.def)             Requested size: 614.58406pt x 795.3441pt.
File: BehavioralFirstAidKit.pdf Graphic file (type pdf)

<use BehavioralFirstAidKit.pdf, page 24>
Package pdftex.def Info: BehavioralFirstAidKit.pdf, page24 used on input line 8
52.
(pdftex.def)             Requested size: 614.58406pt x 795.3441pt.
 [68 <./BehavioralFirstAidKit.pdf>]
<BehavioralFirstAidKit.pdf, id=665, page=25, 614.295pt x 794.97pt>
File: BehavioralFirstAidKit.pdf Graphic file (type pdf)

<use BehavioralFirstAidKit.pdf, page 25>
Package pdftex.def Info: BehavioralFirstAidKit.pdf, page25 used on input line 8
52.
(pdftex.def)             Requested size: 614.58406pt x 795.3441pt.
File: BehavioralFirstAidKit.pdf Graphic file (type pdf)

<use BehavioralFirstAidKit.pdf, page 25>
Package pdftex.def Info: BehavioralFirstAidKit.pdf, page25 used on input line 8
52.
(pdftex.def)             Requested size: 614.58406pt x 795.3441pt.
File: BehavioralFirstAidKit.pdf Graphic file (type pdf)

<use BehavioralFirstAidKit.pdf, page 25>
Package pdftex.def Info: BehavioralFirstAidKit.pdf, page25 used on input line 8
52.
(pdftex.def)             Requested size: 614.58406pt x 795.3441pt.
 [69 <./BehavioralFirstAidKit.pdf>]
<BehavioralFirstAidKit.pdf, id=675, page=26, 614.295pt x 794.97pt>
File: BehavioralFirstAidKit.pdf Graphic file (type pdf)

<use BehavioralFirstAidKit.pdf, page 26>
Package pdftex.def Info: BehavioralFirstAidKit.pdf, page26 used on input line 8
52.
(pdftex.def)             Requested size: 614.58406pt x 795.3441pt.
File: BehavioralFirstAidKit.pdf Graphic file (type pdf)

<use BehavioralFirstAidKit.pdf, page 26>
Package pdftex.def Info: BehavioralFirstAidKit.pdf, page26 used on input line 8
52.
(pdftex.def)             Requested size: 614.58406pt x 795.3441pt.
File: BehavioralFirstAidKit.pdf Graphic file (type pdf)

<use BehavioralFirstAidKit.pdf, page 26>
Package pdftex.def Info: BehavioralFirstAidKit.pdf, page26 used on input line 8
52.
(pdftex.def)             Requested size: 614.58406pt x 795.3441pt.
 [70 <./BehavioralFirstAidKit.pdf>]
<BehavioralFirstAidKit.pdf, id=685, page=27, 614.295pt x 794.97pt>
File: BehavioralFirstAidKit.pdf Graphic file (type pdf)

<use BehavioralFirstAidKit.pdf, page 27>
Package pdftex.def Info: BehavioralFirstAidKit.pdf, page27 used on input line 8
52.
(pdftex.def)             Requested size: 614.58406pt x 795.3441pt.
File: BehavioralFirstAidKit.pdf Graphic file (type pdf)

<use BehavioralFirstAidKit.pdf, page 27>
Package pdftex.def Info: BehavioralFirstAidKit.pdf, page27 used on input line 8
52.
(pdftex.def)             Requested size: 614.58406pt x 795.3441pt.
File: BehavioralFirstAidKit.pdf Graphic file (type pdf)

<use BehavioralFirstAidKit.pdf, page 27>
Package pdftex.def Info: BehavioralFirstAidKit.pdf, page27 used on input line 8
52.
(pdftex.def)             Requested size: 614.58406pt x 795.3441pt.
 [71 <./BehavioralFirstAidKit.pdf>]
<BehavioralFirstAidKit.pdf, id=695, page=28, 614.295pt x 794.97pt>
File: BehavioralFirstAidKit.pdf Graphic file (type pdf)

<use BehavioralFirstAidKit.pdf, page 28>
Package pdftex.def Info: BehavioralFirstAidKit.pdf, page28 used on input line 8
52.
(pdftex.def)             Requested size: 614.58406pt x 795.3441pt.
File: BehavioralFirstAidKit.pdf Graphic file (type pdf)

<use BehavioralFirstAidKit.pdf, page 28>
Package pdftex.def Info: BehavioralFirstAidKit.pdf, page28 used on input line 8
52.
(pdftex.def)             Requested size: 614.58406pt x 795.3441pt.
File: BehavioralFirstAidKit.pdf Graphic file (type pdf)

<use BehavioralFirstAidKit.pdf, page 28>
Package pdftex.def Info: BehavioralFirstAidKit.pdf, page28 used on input line 8
52.
(pdftex.def)             Requested size: 614.58406pt x 795.3441pt.
 [72 <./BehavioralFirstAidKit.pdf>]
<BehavioralFirstAidKit.pdf, id=705, page=29, 614.295pt x 794.97pt>
File: BehavioralFirstAidKit.pdf Graphic file (type pdf)

<use BehavioralFirstAidKit.pdf, page 29>
Package pdftex.def Info: BehavioralFirstAidKit.pdf, page29 used on input line 8
52.
(pdftex.def)             Requested size: 614.58406pt x 795.3441pt.
File: BehavioralFirstAidKit.pdf Graphic file (type pdf)

<use BehavioralFirstAidKit.pdf, page 29>
Package pdftex.def Info: BehavioralFirstAidKit.pdf, page29 used on input line 8
52.
(pdftex.def)             Requested size: 614.58406pt x 795.3441pt.
File: BehavioralFirstAidKit.pdf Graphic file (type pdf)

<use BehavioralFirstAidKit.pdf, page 29>
Package pdftex.def Info: BehavioralFirstAidKit.pdf, page29 used on input line 8
52.
(pdftex.def)             Requested size: 614.58406pt x 795.3441pt.
 [73 <./BehavioralFirstAidKit.pdf>]
<BehavioralFirstAidKit.pdf, id=716, page=30, 614.295pt x 794.97pt>
File: BehavioralFirstAidKit.pdf Graphic file (type pdf)

<use BehavioralFirstAidKit.pdf, page 30>
Package pdftex.def Info: BehavioralFirstAidKit.pdf, page30 used on input line 8
52.
(pdftex.def)             Requested size: 614.58406pt x 795.3441pt.
File: BehavioralFirstAidKit.pdf Graphic file (type pdf)

<use BehavioralFirstAidKit.pdf, page 30>
Package pdftex.def Info: BehavioralFirstAidKit.pdf, page30 used on input line 8
52.
(pdftex.def)             Requested size: 614.58406pt x 795.3441pt.
File: BehavioralFirstAidKit.pdf Graphic file (type pdf)

<use BehavioralFirstAidKit.pdf, page 30>
Package pdftex.def Info: BehavioralFirstAidKit.pdf, page30 used on input line 8
52.
(pdftex.def)             Requested size: 614.58406pt x 795.3441pt.
 [74 <./BehavioralFirstAidKit.pdf>]
<BehavioralFirstAidKit.pdf, id=726, page=31, 614.295pt x 794.97pt>
File: BehavioralFirstAidKit.pdf Graphic file (type pdf)

<use BehavioralFirstAidKit.pdf, page 31>
Package pdftex.def Info: BehavioralFirstAidKit.pdf, page31 used on input line 8
52.
(pdftex.def)             Requested size: 614.58406pt x 795.3441pt.
File: BehavioralFirstAidKit.pdf Graphic file (type pdf)

<use BehavioralFirstAidKit.pdf, page 31>
Package pdftex.def Info: BehavioralFirstAidKit.pdf, page31 used on input line 8
52.
(pdftex.def)             Requested size: 614.58406pt x 795.3441pt.
File: BehavioralFirstAidKit.pdf Graphic file (type pdf)

<use BehavioralFirstAidKit.pdf, page 31>
Package pdftex.def Info: BehavioralFirstAidKit.pdf, page31 used on input line 8
52.
(pdftex.def)             Requested size: 614.58406pt x 795.3441pt.
 [75 <./BehavioralFirstAidKit.pdf>]
<BehavioralFirstAidKit.pdf, id=736, page=32, 614.295pt x 794.97pt>
File: BehavioralFirstAidKit.pdf Graphic file (type pdf)

<use BehavioralFirstAidKit.pdf, page 32>
Package pdftex.def Info: BehavioralFirstAidKit.pdf, page32 used on input line 8
52.
(pdftex.def)             Requested size: 614.58406pt x 795.3441pt.
File: BehavioralFirstAidKit.pdf Graphic file (type pdf)

<use BehavioralFirstAidKit.pdf, page 32>
Package pdftex.def Info: BehavioralFirstAidKit.pdf, page32 used on input line 8
52.
(pdftex.def)             Requested size: 614.58406pt x 795.3441pt.
File: BehavioralFirstAidKit.pdf Graphic file (type pdf)

<use BehavioralFirstAidKit.pdf, page 32>
Package pdftex.def Info: BehavioralFirstAidKit.pdf, page32 used on input line 8
52.
(pdftex.def)             Requested size: 614.58406pt x 795.3441pt.
 [76 <./BehavioralFirstAidKit.pdf>]
<BehavioralFirstAidKit.pdf, id=746, page=33, 614.295pt x 794.97pt>
File: BehavioralFirstAidKit.pdf Graphic file (type pdf)

<use BehavioralFirstAidKit.pdf, page 33>
Package pdftex.def Info: BehavioralFirstAidKit.pdf, page33 used on input line 8
52.
(pdftex.def)             Requested size: 614.58406pt x 795.3441pt.
File: BehavioralFirstAidKit.pdf Graphic file (type pdf)

<use BehavioralFirstAidKit.pdf, page 33>
Package pdftex.def Info: BehavioralFirstAidKit.pdf, page33 used on input line 8
52.
(pdftex.def)             Requested size: 614.58406pt x 795.3441pt.
File: BehavioralFirstAidKit.pdf Graphic file (type pdf)

<use BehavioralFirstAidKit.pdf, page 33>
Package pdftex.def Info: BehavioralFirstAidKit.pdf, page33 used on input line 8
52.
(pdftex.def)             Requested size: 614.58406pt x 795.3441pt.
 [77 <./BehavioralFirstAidKit.pdf>]
<BehavioralFirstAidKit.pdf, id=757, page=34, 614.295pt x 794.97pt>
File: BehavioralFirstAidKit.pdf Graphic file (type pdf)

<use BehavioralFirstAidKit.pdf, page 34>
Package pdftex.def Info: BehavioralFirstAidKit.pdf, page34 used on input line 8
52.
(pdftex.def)             Requested size: 614.58406pt x 795.3441pt.
File: BehavioralFirstAidKit.pdf Graphic file (type pdf)

<use BehavioralFirstAidKit.pdf, page 34>
Package pdftex.def Info: BehavioralFirstAidKit.pdf, page34 used on input line 8
52.
(pdftex.def)             Requested size: 614.58406pt x 795.3441pt.
File: BehavioralFirstAidKit.pdf Graphic file (type pdf)

<use BehavioralFirstAidKit.pdf, page 34>
Package pdftex.def Info: BehavioralFirstAidKit.pdf, page34 used on input line 8
52.
(pdftex.def)             Requested size: 614.58406pt x 795.3441pt.
 [78 <./BehavioralFirstAidKit.pdf>]
<BehavioralFirstAidKit.pdf, id=767, page=35, 614.295pt x 794.97pt>
File: BehavioralFirstAidKit.pdf Graphic file (type pdf)

<use BehavioralFirstAidKit.pdf, page 35>
Package pdftex.def Info: BehavioralFirstAidKit.pdf, page35 used on input line 8
52.
(pdftex.def)             Requested size: 614.58406pt x 795.3441pt.
File: BehavioralFirstAidKit.pdf Graphic file (type pdf)

<use BehavioralFirstAidKit.pdf, page 35>
Package pdftex.def Info: BehavioralFirstAidKit.pdf, page35 used on input line 8
52.
(pdftex.def)             Requested size: 614.58406pt x 795.3441pt.
File: BehavioralFirstAidKit.pdf Graphic file (type pdf)

<use BehavioralFirstAidKit.pdf, page 35>
Package pdftex.def Info: BehavioralFirstAidKit.pdf, page35 used on input line 8
52.
(pdftex.def)             Requested size: 614.58406pt x 795.3441pt.
 [79 <./BehavioralFirstAidKit.pdf>]
<BehavioralFirstAidKit.pdf, id=778, page=36, 614.295pt x 794.97pt>
File: BehavioralFirstAidKit.pdf Graphic file (type pdf)

<use BehavioralFirstAidKit.pdf, page 36>
Package pdftex.def Info: BehavioralFirstAidKit.pdf, page36 used on input line 8
52.
(pdftex.def)             Requested size: 614.58406pt x 795.3441pt.
File: BehavioralFirstAidKit.pdf Graphic file (type pdf)

<use BehavioralFirstAidKit.pdf, page 36>
Package pdftex.def Info: BehavioralFirstAidKit.pdf, page36 used on input line 8
52.
(pdftex.def)             Requested size: 614.58406pt x 795.3441pt.
File: BehavioralFirstAidKit.pdf Graphic file (type pdf)

<use BehavioralFirstAidKit.pdf, page 36>
Package pdftex.def Info: BehavioralFirstAidKit.pdf, page36 used on input line 8
52.
(pdftex.def)             Requested size: 614.58406pt x 795.3441pt.
 [80 <./BehavioralFirstAidKit.pdf>]
<BehavioralFirstAidKit.pdf, id=788, page=37, 614.295pt x 794.97pt>
File: BehavioralFirstAidKit.pdf Graphic file (type pdf)

<use BehavioralFirstAidKit.pdf, page 37>
Package pdftex.def Info: BehavioralFirstAidKit.pdf, page37 used on input line 8
52.
(pdftex.def)             Requested size: 614.58406pt x 795.3441pt.
File: BehavioralFirstAidKit.pdf Graphic file (type pdf)

<use BehavioralFirstAidKit.pdf, page 37>
Package pdftex.def Info: BehavioralFirstAidKit.pdf, page37 used on input line 8
52.
(pdftex.def)             Requested size: 614.58406pt x 795.3441pt.
File: BehavioralFirstAidKit.pdf Graphic file (type pdf)

<use BehavioralFirstAidKit.pdf, page 37>
Package pdftex.def Info: BehavioralFirstAidKit.pdf, page37 used on input line 8
52.
(pdftex.def)             Requested size: 614.58406pt x 795.3441pt.
 [81 <./BehavioralFirstAidKit.pdf>]
<BehavioralFirstAidKit.pdf, id=798, page=38, 614.295pt x 794.97pt>
File: BehavioralFirstAidKit.pdf Graphic file (type pdf)

<use BehavioralFirstAidKit.pdf, page 38>
Package pdftex.def Info: BehavioralFirstAidKit.pdf, page38 used on input line 8
52.
(pdftex.def)             Requested size: 614.58406pt x 795.3441pt.
File: BehavioralFirstAidKit.pdf Graphic file (type pdf)

<use BehavioralFirstAidKit.pdf, page 38>
Package pdftex.def Info: BehavioralFirstAidKit.pdf, page38 used on input line 8
52.
(pdftex.def)             Requested size: 614.58406pt x 795.3441pt.
File: BehavioralFirstAidKit.pdf Graphic file (type pdf)

<use BehavioralFirstAidKit.pdf, page 38>
Package pdftex.def Info: BehavioralFirstAidKit.pdf, page38 used on input line 8
52.
(pdftex.def)             Requested size: 614.58406pt x 795.3441pt.
 [82 <./BehavioralFirstAidKit.pdf>]
<BehavioralFirstAidKit.pdf, id=808, page=39, 614.295pt x 794.97pt>
File: BehavioralFirstAidKit.pdf Graphic file (type pdf)

<use BehavioralFirstAidKit.pdf, page 39>
Package pdftex.def Info: BehavioralFirstAidKit.pdf, page39 used on input line 8
52.
(pdftex.def)             Requested size: 614.58406pt x 795.3441pt.
File: BehavioralFirstAidKit.pdf Graphic file (type pdf)

<use BehavioralFirstAidKit.pdf, page 39>
Package pdftex.def Info: BehavioralFirstAidKit.pdf, page39 used on input line 8
52.
(pdftex.def)             Requested size: 614.58406pt x 795.3441pt.
File: BehavioralFirstAidKit.pdf Graphic file (type pdf)

<use BehavioralFirstAidKit.pdf, page 39>
Package pdftex.def Info: BehavioralFirstAidKit.pdf, page39 used on input line 8
52.
(pdftex.def)             Requested size: 614.58406pt x 795.3441pt.
 [83 <./BehavioralFirstAidKit.pdf>]
<BehavioralFirstAidKit.pdf, id=818, page=40, 614.295pt x 794.97pt>
File: BehavioralFirstAidKit.pdf Graphic file (type pdf)

<use BehavioralFirstAidKit.pdf, page 40>
Package pdftex.def Info: BehavioralFirstAidKit.pdf, page40 used on input line 8
52.
(pdftex.def)             Requested size: 614.58406pt x 795.3441pt.
File: BehavioralFirstAidKit.pdf Graphic file (type pdf)

<use BehavioralFirstAidKit.pdf, page 40>
Package pdftex.def Info: BehavioralFirstAidKit.pdf, page40 used on input line 8
52.
(pdftex.def)             Requested size: 614.58406pt x 795.3441pt.
File: BehavioralFirstAidKit.pdf Graphic file (type pdf)

<use BehavioralFirstAidKit.pdf, page 40>
Package pdftex.def Info: BehavioralFirstAidKit.pdf, page40 used on input line 8
52.
(pdftex.def)             Requested size: 614.58406pt x 795.3441pt.
 [84 <./BehavioralFirstAidKit.pdf>]
<BehavioralFirstAidKit.pdf, id=828, page=41, 614.295pt x 794.97pt>
File: BehavioralFirstAidKit.pdf Graphic file (type pdf)

<use BehavioralFirstAidKit.pdf, page 41>
Package pdftex.def Info: BehavioralFirstAidKit.pdf, page41 used on input line 8
52.
(pdftex.def)             Requested size: 614.58406pt x 795.3441pt.
File: BehavioralFirstAidKit.pdf Graphic file (type pdf)

<use BehavioralFirstAidKit.pdf, page 41>
Package pdftex.def Info: BehavioralFirstAidKit.pdf, page41 used on input line 8
52.
(pdftex.def)             Requested size: 614.58406pt x 795.3441pt.
File: BehavioralFirstAidKit.pdf Graphic file (type pdf)

<use BehavioralFirstAidKit.pdf, page 41>
Package pdftex.def Info: BehavioralFirstAidKit.pdf, page41 used on input line 8
52.
(pdftex.def)             Requested size: 614.58406pt x 795.3441pt.
 [85 <./BehavioralFirstAidKit.pdf>]
<BehavioralFirstAidKit.pdf, id=839, page=42, 794.97pt x 614.295pt>
File: BehavioralFirstAidKit.pdf Graphic file (type pdf)

<use BehavioralFirstAidKit.pdf, page 42>
Package pdftex.def Info: BehavioralFirstAidKit.pdf, page42 used on input line 8
52.
(pdftex.def)             Requested size: 795.3441pt x 614.58406pt.
File: BehavioralFirstAidKit.pdf Graphic file (type pdf)

<use BehavioralFirstAidKit.pdf, page 42>
Package pdftex.def Info: BehavioralFirstAidKit.pdf, page42 used on input line 8
52.
(pdftex.def)             Requested size: 795.3441pt x 614.58406pt.
File: BehavioralFirstAidKit.pdf Graphic file (type pdf)

<use BehavioralFirstAidKit.pdf, page 42>
Package pdftex.def Info: BehavioralFirstAidKit.pdf, page42 used on input line 8
52.
(pdftex.def)             Requested size: 795.3441pt x 614.58406pt.
 [86 <./BehavioralFirstAidKit.pdf>]
<BehavioralFirstAidKit.pdf, id=849, page=43, 794.97pt x 614.295pt>
File: BehavioralFirstAidKit.pdf Graphic file (type pdf)

<use BehavioralFirstAidKit.pdf, page 43>
Package pdftex.def Info: BehavioralFirstAidKit.pdf, page43 used on input line 8
52.
(pdftex.def)             Requested size: 795.3441pt x 614.58406pt.
File: BehavioralFirstAidKit.pdf Graphic file (type pdf)

<use BehavioralFirstAidKit.pdf, page 43>
Package pdftex.def Info: BehavioralFirstAidKit.pdf, page43 used on input line 8
52.
(pdftex.def)             Requested size: 795.3441pt x 614.58406pt.
File: BehavioralFirstAidKit.pdf Graphic file (type pdf)

<use BehavioralFirstAidKit.pdf, page 43>
Package pdftex.def Info: BehavioralFirstAidKit.pdf, page43 used on input line 8
52.
(pdftex.def)             Requested size: 795.3441pt x 614.58406pt.
 [87 <./BehavioralFirstAidKit.pdf>]
<BehavioralFirstAidKit.pdf, id=859, page=44, 794.97pt x 614.295pt>
File: BehavioralFirstAidKit.pdf Graphic file (type pdf)

<use BehavioralFirstAidKit.pdf, page 44>
Package pdftex.def Info: BehavioralFirstAidKit.pdf, page44 used on input line 8
52.
(pdftex.def)             Requested size: 795.3441pt x 614.58406pt.
File: BehavioralFirstAidKit.pdf Graphic file (type pdf)

<use BehavioralFirstAidKit.pdf, page 44>
Package pdftex.def Info: BehavioralFirstAidKit.pdf, page44 used on input line 8
52.
(pdftex.def)             Requested size: 795.3441pt x 614.58406pt.
File: BehavioralFirstAidKit.pdf Graphic file (type pdf)

<use BehavioralFirstAidKit.pdf, page 44>
Package pdftex.def Info: BehavioralFirstAidKit.pdf, page44 used on input line 8
52.
(pdftex.def)             Requested size: 795.3441pt x 614.58406pt.
 [88 <./BehavioralFirstAidKit.pdf>]
<BehavioralFirstAidKit.pdf, id=869, page=45, 794.97pt x 614.295pt>
File: BehavioralFirstAidKit.pdf Graphic file (type pdf)

<use BehavioralFirstAidKit.pdf, page 45>
Package pdftex.def Info: BehavioralFirstAidKit.pdf, page45 used on input line 8
52.
(pdftex.def)             Requested size: 795.3441pt x 614.58406pt.
File: BehavioralFirstAidKit.pdf Graphic file (type pdf)

<use BehavioralFirstAidKit.pdf, page 45>
Package pdftex.def Info: BehavioralFirstAidKit.pdf, page45 used on input line 8
52.
(pdftex.def)             Requested size: 795.3441pt x 614.58406pt.
File: BehavioralFirstAidKit.pdf Graphic file (type pdf)

<use BehavioralFirstAidKit.pdf, page 45>
Package pdftex.def Info: BehavioralFirstAidKit.pdf, page45 used on input line 8
52.
(pdftex.def)             Requested size: 795.3441pt x 614.58406pt.
 [89 <./BehavioralFirstAidKit.pdf>]
<BehavioralFirstAidKit.pdf, id=879, page=46, 794.97pt x 614.295pt>
File: BehavioralFirstAidKit.pdf Graphic file (type pdf)

<use BehavioralFirstAidKit.pdf, page 46>
Package pdftex.def Info: BehavioralFirstAidKit.pdf, page46 used on input line 8
52.
(pdftex.def)             Requested size: 795.3441pt x 614.58406pt.
File: BehavioralFirstAidKit.pdf Graphic file (type pdf)

<use BehavioralFirstAidKit.pdf, page 46>
Package pdftex.def Info: BehavioralFirstAidKit.pdf, page46 used on input line 8
52.
(pdftex.def)             Requested size: 795.3441pt x 614.58406pt.
File: BehavioralFirstAidKit.pdf Graphic file (type pdf)

<use BehavioralFirstAidKit.pdf, page 46>
Package pdftex.def Info: BehavioralFirstAidKit.pdf, page46 used on input line 8
52.
(pdftex.def)             Requested size: 795.3441pt x 614.58406pt.
 [90 <./BehavioralFirstAidKit.pdf>]
<BehavioralFirstAidKit.pdf, id=889, page=47, 794.97pt x 614.295pt>
File: BehavioralFirstAidKit.pdf Graphic file (type pdf)

<use BehavioralFirstAidKit.pdf, page 47>
Package pdftex.def Info: BehavioralFirstAidKit.pdf, page47 used on input line 8
52.
(pdftex.def)             Requested size: 795.3441pt x 614.58406pt.
File: BehavioralFirstAidKit.pdf Graphic file (type pdf)

<use BehavioralFirstAidKit.pdf, page 47>
Package pdftex.def Info: BehavioralFirstAidKit.pdf, page47 used on input line 8
52.
(pdftex.def)             Requested size: 795.3441pt x 614.58406pt.
File: BehavioralFirstAidKit.pdf Graphic file (type pdf)

<use BehavioralFirstAidKit.pdf, page 47>
Package pdftex.def Info: BehavioralFirstAidKit.pdf, page47 used on input line 8
52.
(pdftex.def)             Requested size: 795.3441pt x 614.58406pt.
 [91 <./BehavioralFirstAidKit.pdf>]
<BehavioralFirstAidKit.pdf, id=900, page=48, 794.97pt x 614.295pt>
File: BehavioralFirstAidKit.pdf Graphic file (type pdf)

<use BehavioralFirstAidKit.pdf, page 48>
Package pdftex.def Info: BehavioralFirstAidKit.pdf, page48 used on input line 8
52.
(pdftex.def)             Requested size: 795.3441pt x 614.58406pt.
File: BehavioralFirstAidKit.pdf Graphic file (type pdf)

<use BehavioralFirstAidKit.pdf, page 48>
Package pdftex.def Info: BehavioralFirstAidKit.pdf, page48 used on input line 8
52.
(pdftex.def)             Requested size: 795.3441pt x 614.58406pt.
File: BehavioralFirstAidKit.pdf Graphic file (type pdf)

<use BehavioralFirstAidKit.pdf, page 48>
Package pdftex.def Info: BehavioralFirstAidKit.pdf, page48 used on input line 8
52.
(pdftex.def)             Requested size: 795.3441pt x 614.58406pt.
 [92 <./BehavioralFirstAidKit.pdf>]
<BehavioralFirstAidKit.pdf, id=910, page=49, 794.97pt x 614.295pt>
File: BehavioralFirstAidKit.pdf Graphic file (type pdf)

<use BehavioralFirstAidKit.pdf, page 49>
Package pdftex.def Info: BehavioralFirstAidKit.pdf, page49 used on input line 8
52.
(pdftex.def)             Requested size: 795.3441pt x 614.58406pt.
File: BehavioralFirstAidKit.pdf Graphic file (type pdf)

<use BehavioralFirstAidKit.pdf, page 49>
Package pdftex.def Info: BehavioralFirstAidKit.pdf, page49 used on input line 8
52.
(pdftex.def)             Requested size: 795.3441pt x 614.58406pt.
File: BehavioralFirstAidKit.pdf Graphic file (type pdf)

<use BehavioralFirstAidKit.pdf, page 49>
Package pdftex.def Info: BehavioralFirstAidKit.pdf, page49 used on input line 8
52.
(pdftex.def)             Requested size: 795.3441pt x 614.58406pt.
 [93 <./BehavioralFirstAidKit.pdf>]
<BehavioralFirstAidKit.pdf, id=920, page=50, 794.97pt x 614.295pt>
File: BehavioralFirstAidKit.pdf Graphic file (type pdf)

<use BehavioralFirstAidKit.pdf, page 50>
Package pdftex.def Info: BehavioralFirstAidKit.pdf, page50 used on input line 8
52.
(pdftex.def)             Requested size: 795.3441pt x 614.58406pt.
File: BehavioralFirstAidKit.pdf Graphic file (type pdf)

<use BehavioralFirstAidKit.pdf, page 50>
Package pdftex.def Info: BehavioralFirstAidKit.pdf, page50 used on input line 8
52.
(pdftex.def)             Requested size: 795.3441pt x 614.58406pt.
File: BehavioralFirstAidKit.pdf Graphic file (type pdf)

<use BehavioralFirstAidKit.pdf, page 50>
Package pdftex.def Info: BehavioralFirstAidKit.pdf, page50 used on input line 8
52.
(pdftex.def)             Requested size: 795.3441pt x 614.58406pt.
 [94 <./BehavioralFirstAidKit.pdf>]
<BehavioralFirstAidKit.pdf, id=931, page=51, 794.97pt x 614.295pt>
File: BehavioralFirstAidKit.pdf Graphic file (type pdf)

<use BehavioralFirstAidKit.pdf, page 51>
Package pdftex.def Info: BehavioralFirstAidKit.pdf, page51 used on input line 8
52.
(pdftex.def)             Requested size: 795.3441pt x 614.58406pt.
File: BehavioralFirstAidKit.pdf Graphic file (type pdf)

<use BehavioralFirstAidKit.pdf, page 51>
Package pdftex.def Info: BehavioralFirstAidKit.pdf, page51 used on input line 8
52.
(pdftex.def)             Requested size: 795.3441pt x 614.58406pt.
File: BehavioralFirstAidKit.pdf Graphic file (type pdf)

<use BehavioralFirstAidKit.pdf, page 51>
Package pdftex.def Info: BehavioralFirstAidKit.pdf, page51 used on input line 8
52.
(pdftex.def)             Requested size: 795.3441pt x 614.58406pt.
 [95 <./BehavioralFirstAidKit.pdf>]
<BehavioralFirstAidKit.pdf, id=941, page=52, 794.97pt x 614.295pt>
File: BehavioralFirstAidKit.pdf Graphic file (type pdf)

<use BehavioralFirstAidKit.pdf, page 52>
Package pdftex.def Info: BehavioralFirstAidKit.pdf, page52 used on input line 8
52.
(pdftex.def)             Requested size: 795.3441pt x 614.58406pt.
File: BehavioralFirstAidKit.pdf Graphic file (type pdf)

<use BehavioralFirstAidKit.pdf, page 52>
Package pdftex.def Info: BehavioralFirstAidKit.pdf, page52 used on input line 8
52.
(pdftex.def)             Requested size: 795.3441pt x 614.58406pt.
File: BehavioralFirstAidKit.pdf Graphic file (type pdf)

<use BehavioralFirstAidKit.pdf, page 52>
Package pdftex.def Info: BehavioralFirstAidKit.pdf, page52 used on input line 8
52.
(pdftex.def)             Requested size: 795.3441pt x 614.58406pt.
 [96 <./BehavioralFirstAidKit.pdf>]
<BehavioralFirstAidKit.pdf, id=951, page=53, 794.97pt x 614.295pt>
File: BehavioralFirstAidKit.pdf Graphic file (type pdf)

<use BehavioralFirstAidKit.pdf, page 53>
Package pdftex.def Info: BehavioralFirstAidKit.pdf, page53 used on input line 8
52.
(pdftex.def)             Requested size: 795.3441pt x 614.58406pt.
File: BehavioralFirstAidKit.pdf Graphic file (type pdf)

<use BehavioralFirstAidKit.pdf, page 53>
Package pdftex.def Info: BehavioralFirstAidKit.pdf, page53 used on input line 8
52.
(pdftex.def)             Requested size: 795.3441pt x 614.58406pt.
File: BehavioralFirstAidKit.pdf Graphic file (type pdf)

<use BehavioralFirstAidKit.pdf, page 53>
Package pdftex.def Info: BehavioralFirstAidKit.pdf, page53 used on input line 8
52.
(pdftex.def)             Requested size: 795.3441pt x 614.58406pt.
 [97 <./BehavioralFirstAidKit.pdf>]
<BehavioralFirstAidKit.pdf, id=962, page=54, 794.97pt x 614.295pt>
File: BehavioralFirstAidKit.pdf Graphic file (type pdf)

<use BehavioralFirstAidKit.pdf, page 54>
Package pdftex.def Info: BehavioralFirstAidKit.pdf, page54 used on input line 8
52.
(pdftex.def)             Requested size: 795.3441pt x 614.58406pt.
File: BehavioralFirstAidKit.pdf Graphic file (type pdf)

<use BehavioralFirstAidKit.pdf, page 54>
Package pdftex.def Info: BehavioralFirstAidKit.pdf, page54 used on input line 8
52.
(pdftex.def)             Requested size: 795.3441pt x 614.58406pt.
File: BehavioralFirstAidKit.pdf Graphic file (type pdf)

<use BehavioralFirstAidKit.pdf, page 54>
Package pdftex.def Info: BehavioralFirstAidKit.pdf, page54 used on input line 8
52.
(pdftex.def)             Requested size: 795.3441pt x 614.58406pt.
 [98 <./BehavioralFirstAidKit.pdf>]
<BehavioralFirstAidKit.pdf, id=972, page=55, 794.97pt x 614.295pt>
File: BehavioralFirstAidKit.pdf Graphic file (type pdf)

<use BehavioralFirstAidKit.pdf, page 55>
Package pdftex.def Info: BehavioralFirstAidKit.pdf, page55 used on input line 8
52.
(pdftex.def)             Requested size: 795.3441pt x 614.58406pt.
File: BehavioralFirstAidKit.pdf Graphic file (type pdf)

<use BehavioralFirstAidKit.pdf, page 55>
Package pdftex.def Info: BehavioralFirstAidKit.pdf, page55 used on input line 8
52.
(pdftex.def)             Requested size: 795.3441pt x 614.58406pt.
File: BehavioralFirstAidKit.pdf Graphic file (type pdf)

<use BehavioralFirstAidKit.pdf, page 55>
Package pdftex.def Info: BehavioralFirstAidKit.pdf, page55 used on input line 8
52.
(pdftex.def)             Requested size: 795.3441pt x 614.58406pt.
 [99 <./BehavioralFirstAidKit.pdf>]
<BehavioralFirstAidKit.pdf, id=988, page=56, 794.97pt x 614.295pt>
File: BehavioralFirstAidKit.pdf Graphic file (type pdf)

<use BehavioralFirstAidKit.pdf, page 56>
Package pdftex.def Info: BehavioralFirstAidKit.pdf, page56 used on input line 8
52.
(pdftex.def)             Requested size: 795.3441pt x 614.58406pt.
File: BehavioralFirstAidKit.pdf Graphic file (type pdf)

<use BehavioralFirstAidKit.pdf, page 56>
Package pdftex.def Info: BehavioralFirstAidKit.pdf, page56 used on input line 8
52.
(pdftex.def)             Requested size: 795.3441pt x 614.58406pt.
File: BehavioralFirstAidKit.pdf Graphic file (type pdf)

<use BehavioralFirstAidKit.pdf, page 56>
Package pdftex.def Info: BehavioralFirstAidKit.pdf, page56 used on input line 8
52.
(pdftex.def)             Requested size: 795.3441pt x 614.58406pt.
 [100 <./BehavioralFirstAidKit.pdf>]
(./TransenvironmentalProgramming.aux)

LaTeX Font Warning: Some font shapes were not available, defaults substituted.


Package biblatex Warning: Please rerun LaTeX.
(biblatex)                Page breaks have changed.

Package logreq Info: Writing requests to 'TransenvironmentalProgramming.run.xml
'.
\openout1 = `TransenvironmentalProgramming.run.xml'.

 ) 
Here is how much of TeX's memory you used:
 13610 strings out of 492995
 236440 string characters out of 6132704
 825360 words of memory out of 5000000
 16933 multiletter control sequences out of 15000+600000
 28368 words of font info for 64 fonts, out of 8000000 for 9000
 1141 hyphenation exceptions out of 8191
 52i,18n,79p,2414b,1910s stack positions out of 5000i,500n,10000p,200000b,80000s
{/usr/local/texlive/2017/texmf-dist/fonts/enc/dvips/base/8r.enc}</usr/local/t
exlive/2017/texmf-dist/fonts/type1/public/amsfonts/cm/cmmi10.pfb></usr/local/te
xlive/2017/texmf-dist/fonts/type1/public/amsfonts/cm/cmmi5.pfb></usr/local/texl
ive/2017/texmf-dist/fonts/type1/public/amsfonts/cm/cmmi9.pfb></usr/local/texliv
e/2017/texmf-dist/fonts/type1/public/amsfonts/cm/cmsy10.pfb></usr/local/texlive
/2017/texmf-dist/fonts/type1/urw/bookman/ubkd8a.pfb></usr/local/texlive/2017/te
xmf-dist/fonts/type1/urw/bookman/ubkdi8a.pfb></usr/local/texlive/2017/texmf-dis
t/fonts/type1/urw/bookman/ubkl8a.pfb></usr/local/texlive/2017/texmf-dist/fonts/
type1/urw/bookman/ubkli8a.pfb>
Output written on TransenvironmentalProgramming.pdf (100 pages, 4273846 bytes).

PDF statistics:
 1029 PDF objects out of 1200 (max. 8388607)
 592 compressed objects within 6 object streams
 0 named destinations out of 1000 (max. 500000)
 436 words of extra memory for PDF output out of 10000 (max. 10000000)

